2022-04-22 15:04:59,956 - [handlelog.py--->line:34] - INFO:python66666666
2022-04-22 15:05:54,655 - [handlelog.py--->line:34] - INFO:python66666666
2022-04-22 15:06:37,623 - [handlelog.py--->line:34] - INFO:python66666666
2022-04-22 15:07:58,924 - [handlelog.py--->line:34] - INFO:python66666666
2022-04-22 15:07:59,694 - [test_land_stream.py--->line:108] - INFO:用例投资维护登录执行通过
2022-04-22 15:07:59,694 - [test_land_stream.py--->line:109] - INFO:实际结果：{'code': '2000', 'message': None, 'data': 'eyJhbGciOiJIUzUxMiJ9.eyJzdWIiOiJzaGFveSIsInVzZXJJZCI6IkcwMDA5NyIsIm5pY2tuYW1lIjoi6YK15p-Q5p-QIiwiZXhwIjoxNjUwNjk3Njc0fQ.OuQb4Csmor3E95VzO9wG9h9Onsm7GhUefJj5jpX3ZldAAQ7Z_EWi2YC-rghevrgBpbtuM7Eil-Et3SMAyEPxSA', 'placeholder': None, 'errorMsg': None}
2022-04-22 15:08:00,422 - [test_land_stream.py--->line:108] - INFO:用例新增地块执行通过
2022-04-22 15:08:00,422 - [test_land_stream.py--->line:109] - INFO:实际结果：{'code': '2000', 'message': 'msg_save_success', 'data': None, 'placeholder': None, 'errorMsg': None}
2022-04-22 15:08:01,478 - [test_land_stream.py--->line:108] - INFO:用例投资审批登录执行通过
2022-04-22 15:08:01,478 - [test_land_stream.py--->line:109] - INFO:实际结果：{'code': '2000', 'message': None, 'data': 'eyJhbGciOiJIUzUxMiJ9.eyJzdWIiOiJmZW5neCIsInVzZXJJZCI6IkcwMzMxNyIsIm5pY2tuYW1lIjoi5Yav5p-Q5p-QIiwiZXhwIjoxNjUwNjk3Njc3fQ.EYMKqO6dSyb1gdY9ZfCGAnZqwdfm9i0nmbXpyWcBk2YGU06XqMlpZR52L0eQnyg7cjY84meoMENBVuBuMWxoew', 'placeholder': None, 'errorMsg': None}
2022-04-22 15:13:41,435 - [handlelog.py--->line:34] - INFO:python66666666
2022-04-22 15:13:42,120 - [test_land_stream.py--->line:108] - INFO:用例投资维护登录执行通过
2022-04-22 15:13:42,120 - [test_land_stream.py--->line:109] - INFO:实际结果：{'code': '2000', 'message': None, 'data': 'eyJhbGciOiJIUzUxMiJ9.eyJzdWIiOiJzaGFveSIsInVzZXJJZCI6IkcwMDA5NyIsIm5pY2tuYW1lIjoi6YK15p-Q5p-QIiwiZXhwIjoxNjUwNjk4MDE3fQ.omf4MQG9rMo-GaaPR49oBpoqplj-a4sQUMhJpFAdBWuPnUIAHMnBLwNL8DQdn_iAbAhvEx23a-7YzHPZDyKwkw', 'placeholder': None, 'errorMsg': None}
2022-04-22 15:13:42,807 - [test_land_stream.py--->line:108] - INFO:用例新增地块执行通过
2022-04-22 15:13:42,807 - [test_land_stream.py--->line:109] - INFO:实际结果：{'code': '2000', 'message': 'msg_save_success', 'data': None, 'placeholder': None, 'errorMsg': None}
2022-04-22 15:13:44,575 - [test_land_stream.py--->line:108] - INFO:用例地块发起审批执行通过
2022-04-22 15:13:44,575 - [test_land_stream.py--->line:109] - INFO:实际结果：{'code': '2000', 'message': 'msg_update_success', 'data': None, 'placeholder': None, 'errorMsg': None}
2022-04-22 15:13:44,786 - [test_land_stream.py--->line:108] - INFO:用例投资审批登录执行通过
2022-04-22 15:13:44,786 - [test_land_stream.py--->line:109] - INFO:实际结果：{'code': '2000', 'message': None, 'data': 'eyJhbGciOiJIUzUxMiJ9.eyJzdWIiOiJmZW5neCIsInVzZXJJZCI6IkcwMzMxNyIsIm5pY2tuYW1lIjoi5Yav5p-Q5p-QIiwiZXhwIjoxNjUwNjk4MDIwfQ.cFomp6_vSdolorieDh0lUohSTYcs5g7BePa3o8W8fgw7VbWAli_u028e8uNU1CYwnJvfk_PP88-YofKCXPralQ', 'placeholder': None, 'errorMsg': None}
2022-04-22 15:13:44,914 - [test_land_stream.py--->line:108] - INFO:用例获取审批taskId执行通过
2022-04-22 15:13:44,914 - [test_land_stream.py--->line:109] - INFO:实际结果：{'code': '2000', 'message': None, 'data': {'id': 'Dpn3SK22tDj7PSyGYw2IaY', 'version': 1, 'createdDate': 1650611619000, 'createdBy': 'shaoy', 'updatedDate': 1650611620000, 'updatedBy': 'shaoy', 'proUserName': 'shaoy', 'proNickName': '邵某某', 'appCode': 'de', 'proKey': 'parcelflow01', 'proConfId': 'DrfEY5E8lKlYzh-CKyxyl-', 'proInsId': '437632082360442881', 'proInsName': '邵某某_SHDK14518_地块数据填报', 'proStartTime': 1650611619000, 'status': '1', 'handleStatus': '0', 'lastHandleTime': 1650611620000, 'isExpired': '0', 'taskVariables': {'approveResult': 'Y', 'modelCode': 'r009', 'roleCode': 'ROLE_XMGS_TZWH,DCZZ_GL0000012'}, 'extendParameter': '{"modelCode":"r009"}', 'departmentCode': 'GL0000012', 'departmentName': '苏州城市公司（苏州、上海）', 'pcTodoUrl': 'approveParcel', 'mobileTodoUrl': 'http://127.0.0.1:37090/approveH5', 'subjectName': '地块数据填报流程', 'nodeDetailList': [{'id': 'DTatSk3fRNK5mgBNh8uetQ', 'version': 0, 'createdDate': 1607238229000, 'createdBy': 'admin', 'updatedDate': 1607238229000, 'updatedBy': 'admin', 'proConfId': 'DrfEY5E8lKlYzh-CKyxyl-', 'nodeType': '1', 'nodeKey': 'task2', 'nodeName': '投资审批', 'nodeCode': 'SP_ROLE_XMGS_TZSP', 'skipType': '0', 'countsignFlag': '0', 'countsignType': '0', 'countsignStrategy': '0', 'remark': '', 'noneUserHandleType': '2', 'roleType': '1', 'ccType': '2', 'gojsKey': '-3', 'extendInfo2': 'ROLE_XMGS_TZSP', 'pushTodoType': '1', 'taskList': [{'taskId': '437632085048991766', 'approveResult': '0', 'userList': [{'userName': 'fengx', 'nickName': '冯某某'}]}], 'formList': []}]}, 'placeholder': None, 'errorMsg': None}
2022-04-22 15:13:45,205 - [test_land_stream.py--->line:108] - INFO:用例地块审批同意执行通过
2022-04-22 15:13:45,205 - [test_land_stream.py--->line:109] - INFO:实际结果：{'code': '2000', 'message': '操作成功', 'data': {'taskId': '437632085048991766', 'proInsId': None, 'comment': '同意', 'approveResult': '1', 'submitFlag': 0, 'taskVariables': {'approveResult': 'Y'}, 'buttonType': '1', 'formDataList': None, 'targetNodeKey': None, 'targetNodeCode': None, 'nextNodeRoleMap': None, 'userProAttaches': None, 'updateTodoCenter': True, 'stepApprovalResult': None, 'stepNodeApprovalResult': None, 'needRestart': True, 'customTitle': None, 'nodeToDoList': None, 'checkAuth': True}, 'placeholder': None, 'errorMsg': None}
2022-04-22 15:24:35,129 - [handlelog.py--->line:34] - INFO:python66666666
2022-04-22 15:24:35,831 - [test_land_stream.py--->line:108] - INFO:用例投资维护登录执行通过
2022-04-22 15:24:35,831 - [test_land_stream.py--->line:109] - INFO:实际结果：{'code': '2000', 'message': None, 'data': 'eyJhbGciOiJIUzUxMiJ9.eyJzdWIiOiJzaGFveSIsInVzZXJJZCI6IkcwMDA5NyIsIm5pY2tuYW1lIjoi6YK15p-Q5p-QIiwiZXhwIjoxNjUwNjk4NjcxfQ.2mhkQzE1-Fa1bqPRs0NAytbXjmKBSJxYm_86JyZz4K9GfzFsVzeeWpDHywOO0SE43WlkdVDqw3ysUOHAyGs5Cw', 'placeholder': None, 'errorMsg': None}
2022-04-22 15:24:36,491 - [test_land_stream.py--->line:108] - INFO:用例新增地块执行通过
2022-04-22 15:24:36,492 - [test_land_stream.py--->line:109] - INFO:实际结果：{'code': '2000', 'message': 'msg_save_success', 'data': None, 'placeholder': None, 'errorMsg': None}
2022-04-22 15:24:37,236 - [test_land_stream.py--->line:108] - INFO:用例地块发起审批执行通过
2022-04-22 15:24:37,237 - [test_land_stream.py--->line:109] - INFO:实际结果：{'code': '2000', 'message': 'msg_update_success', 'data': None, 'placeholder': None, 'errorMsg': None}
2022-04-22 15:24:37,459 - [test_land_stream.py--->line:108] - INFO:用例投资审批登录执行通过
2022-04-22 15:24:37,460 - [test_land_stream.py--->line:109] - INFO:实际结果：{'code': '2000', 'message': None, 'data': 'eyJhbGciOiJIUzUxMiJ9.eyJzdWIiOiJmZW5neCIsInVzZXJJZCI6IkcwMzMxNyIsIm5pY2tuYW1lIjoi5Yav5p-Q5p-QIiwiZXhwIjoxNjUwNjk4NjczfQ.gfWxfcWv9G-HjHsq9oncGUsEpYcmLsZdZPqvESofpvpoi3iVwIXlf4JDJOYwCzamno1aAEL8v5QwszT1zYFq6A', 'placeholder': None, 'errorMsg': None}
2022-04-22 15:24:37,578 - [test_land_stream.py--->line:108] - INFO:用例获取审批taskId执行通过
2022-04-22 15:24:37,579 - [test_land_stream.py--->line:109] - INFO:实际结果：{'code': '2000', 'message': None, 'data': {'id': 'AEFVJ_mN1JOpBJjd7ZI22o', 'version': 1, 'createdDate': 1650612273000, 'createdBy': 'shaoy', 'updatedDate': 1650612273000, 'updatedBy': 'shaoy', 'proUserName': 'shaoy', 'proNickName': '邵某某', 'appCode': 'de', 'proKey': 'parcelflow01', 'proConfId': 'DrfEY5E8lKlYzh-CKyxyl-', 'proInsId': '437634822557966368', 'proInsName': '邵某某_SHDK895744_地块数据填报', 'proStartTime': 1650612273000, 'status': '1', 'handleStatus': '0', 'lastHandleTime': 1650612273000, 'isExpired': '0', 'taskVariables': {'approveResult': 'Y', 'modelCode': 'r009', 'roleCode': 'ROLE_XMGS_TZWH,DCZZ_GL0000012'}, 'extendParameter': '{"modelCode":"r009"}', 'departmentCode': 'GL0000012', 'departmentName': '苏州城市公司（苏州、上海）', 'pcTodoUrl': 'approveParcel', 'mobileTodoUrl': 'http://127.0.0.1:37090/approveH5', 'subjectName': '地块数据填报流程', 'nodeDetailList': [{'id': 'DTatSk3fRNK5mgBNh8uetQ', 'version': 0, 'createdDate': 1607238229000, 'createdBy': 'admin', 'updatedDate': 1607238229000, 'updatedBy': 'admin', 'proConfId': 'DrfEY5E8lKlYzh-CKyxyl-', 'nodeType': '1', 'nodeKey': 'task2', 'nodeName': '投资审批', 'nodeCode': 'SP_ROLE_XMGS_TZSP', 'skipType': '0', 'countsignFlag': '0', 'countsignType': '0', 'countsignStrategy': '0', 'remark': '', 'noneUserHandleType': '2', 'roleType': '1', 'ccType': '2', 'gojsKey': '-3', 'extendInfo2': 'ROLE_XMGS_TZSP', 'pushTodoType': '1', 'taskList': [{'taskId': '437634823254220853', 'approveResult': '0', 'userList': [{'userName': 'fengx', 'nickName': '冯某某'}]}], 'formList': []}]}, 'placeholder': None, 'errorMsg': None}
2022-04-22 15:24:37,812 - [test_land_stream.py--->line:108] - INFO:用例地块审批同意执行通过
2022-04-22 15:24:37,812 - [test_land_stream.py--->line:109] - INFO:实际结果：{'code': '2000', 'message': '操作成功', 'data': {'taskId': '437634823254220853', 'proInsId': None, 'comment': '同意', 'approveResult': '1', 'submitFlag': 0, 'taskVariables': {'approveResult': 'Y'}, 'buttonType': '1', 'formDataList': None, 'targetNodeKey': None, 'targetNodeCode': None, 'nextNodeRoleMap': None, 'userProAttaches': None, 'updateTodoCenter': True, 'stepApprovalResult': None, 'stepNodeApprovalResult': None, 'needRestart': True, 'customTitle': None, 'nodeToDoList': None, 'checkAuth': True}, 'placeholder': None, 'errorMsg': None}
2022-04-22 16:20:27,800 - [handlelog.py--->line:34] - INFO:python66666666
2022-04-22 16:20:28,553 - [test_land_stream.py--->line:108] - INFO:用例投资维护登录执行通过
2022-04-22 16:20:28,554 - [test_land_stream.py--->line:109] - INFO:实际结果：{'code': '2000', 'message': None, 'data': 'eyJhbGciOiJIUzUxMiJ9.eyJzdWIiOiJzaGFveSIsInVzZXJJZCI6IkcwMDA5NyIsIm5pY2tuYW1lIjoi6YK15p-Q5p-QIiwiZXhwIjoxNjUwNzAyMDIzfQ.r_P1w8bRXSHAAyhIOzsFzzbr3yzIb5KTZy_LEkLKjDdjv-8zXZPWaYOnZxu0p2ZtqdSx-PWvyk_poseaV0we-A', 'placeholder': None, 'errorMsg': None}
2022-04-22 16:20:29,259 - [test_land_stream.py--->line:108] - INFO:用例新增地块执行通过
2022-04-22 16:20:29,260 - [test_land_stream.py--->line:109] - INFO:实际结果：{'code': '2000', 'message': 'msg_save_success', 'data': None, 'placeholder': None, 'errorMsg': None}
2022-04-22 16:20:29,961 - [test_land_stream.py--->line:108] - INFO:用例地块发起审批执行通过
2022-04-22 16:20:29,961 - [test_land_stream.py--->line:109] - INFO:实际结果：{'code': '2000', 'message': 'msg_update_success', 'data': None, 'placeholder': None, 'errorMsg': None}
2022-04-22 16:20:30,200 - [test_land_stream.py--->line:108] - INFO:用例投资审批登录执行通过
2022-04-22 16:20:30,200 - [test_land_stream.py--->line:109] - INFO:实际结果：{'code': '2000', 'message': None, 'data': 'eyJhbGciOiJIUzUxMiJ9.eyJzdWIiOiJmZW5neCIsInVzZXJJZCI6IkcwMzMxNyIsIm5pY2tuYW1lIjoi5Yav5p-Q5p-QIiwiZXhwIjoxNjUwNzAyMDI1fQ.0bI28EhbaXpTOboCZaYYBna8nIU4EafCxVSpDWnY886DPTdCMAbnJLx9SCX0s6RsKNOnJ7AZDAxGFPhSQj87bw', 'placeholder': None, 'errorMsg': None}
2022-04-22 16:20:30,367 - [test_land_stream.py--->line:108] - INFO:用例获取审批taskId执行通过
2022-04-22 16:20:30,367 - [test_land_stream.py--->line:109] - INFO:实际结果：{'code': '2000', 'message': None, 'data': {'id': 'D0sCUJ0ypGlJ-kGbyFgloz', 'version': 1, 'createdDate': 1650615625000, 'createdBy': 'shaoy', 'updatedDate': 1650615625000, 'updatedBy': 'shaoy', 'proUserName': 'shaoy', 'proNickName': '邵某某', 'appCode': 'de', 'proKey': 'parcelflow01', 'proConfId': 'DrfEY5E8lKlYzh-CKyxyl-', 'proInsId': '437648885094588479', 'proInsName': '邵某某_SHDK910165_地块数据填报', 'proStartTime': 1650615625000, 'status': '1', 'handleStatus': '0', 'lastHandleTime': 1650615625000, 'isExpired': '0', 'taskVariables': {'approveResult': 'Y', 'modelCode': 'r009', 'roleCode': 'ROLE_XMGS_TZWH,DCZZ_GL0000012'}, 'extendParameter': '{"modelCode":"r009"}', 'departmentCode': 'GL0000012', 'departmentName': '苏州城市公司（苏州、上海）', 'pcTodoUrl': 'approveParcel', 'mobileTodoUrl': 'http://127.0.0.1:37090/approveH5', 'subjectName': '地块数据填报流程', 'nodeDetailList': [{'id': 'DTatSk3fRNK5mgBNh8uetQ', 'version': 0, 'createdDate': 1607238229000, 'createdBy': 'admin', 'updatedDate': 1607238229000, 'updatedBy': 'admin', 'proConfId': 'DrfEY5E8lKlYzh-CKyxyl-', 'nodeType': '1', 'nodeKey': 'task2', 'nodeName': '投资审批', 'nodeCode': 'SP_ROLE_XMGS_TZSP', 'skipType': '0', 'countsignFlag': '0', 'countsignType': '0', 'countsignStrategy': '0', 'remark': '', 'noneUserHandleType': '2', 'roleType': '1', 'ccType': '2', 'gojsKey': '-3', 'extendInfo2': 'ROLE_XMGS_TZSP', 'pushTodoType': '1', 'taskList': [{'taskId': '437648885685985364', 'approveResult': '0', 'userList': [{'userName': 'fengx', 'nickName': '冯某某'}]}], 'formList': []}]}, 'placeholder': None, 'errorMsg': None}
2022-04-22 16:20:30,642 - [test_land_stream.py--->line:108] - INFO:用例地块审批同意执行通过
2022-04-22 16:20:30,643 - [test_land_stream.py--->line:109] - INFO:实际结果：{'code': '2000', 'message': '操作成功', 'data': {'taskId': '437648885685985364', 'proInsId': None, 'comment': '同意', 'approveResult': '1', 'submitFlag': 0, 'taskVariables': {'approveResult': 'Y'}, 'buttonType': '1', 'formDataList': None, 'targetNodeKey': None, 'targetNodeCode': None, 'nextNodeRoleMap': None, 'userProAttaches': None, 'updateTodoCenter': True, 'stepApprovalResult': None, 'stepNodeApprovalResult': None, 'needRestart': True, 'customTitle': None, 'nodeToDoList': None, 'checkAuth': True}, 'placeholder': None, 'errorMsg': None}
2022-04-22 16:21:18,235 - [handlelog.py--->line:34] - INFO:python66666666
2022-04-22 16:21:18,927 - [test_land_stream.py--->line:108] - INFO:用例投资维护登录执行通过
2022-04-22 16:21:18,927 - [test_land_stream.py--->line:109] - INFO:实际结果：{'code': '2000', 'message': None, 'data': 'eyJhbGciOiJIUzUxMiJ9.eyJzdWIiOiJzaGFveSIsInVzZXJJZCI6IkcwMDA5NyIsIm5pY2tuYW1lIjoi6YK15p-Q5p-QIiwiZXhwIjoxNjUwNzAyMDc0fQ.pKpU-b7D7mwf-BK4Ceis44Xawk99cV98MT56v3_ggKwJ5B_eSlAkGTAQyBr0Jylo2sOSl9XwkJDClvMBW2EOSw', 'placeholder': None, 'errorMsg': None}
2022-04-22 16:21:19,613 - [test_land_stream.py--->line:108] - INFO:用例新增地块执行通过
2022-04-22 16:21:19,613 - [test_land_stream.py--->line:109] - INFO:实际结果：{'code': '2000', 'message': 'msg_save_success', 'data': None, 'placeholder': None, 'errorMsg': None}
2022-04-22 16:21:20,426 - [test_land_stream.py--->line:108] - INFO:用例地块发起审批执行通过
2022-04-22 16:21:20,426 - [test_land_stream.py--->line:109] - INFO:实际结果：{'code': '2000', 'message': 'msg_update_success', 'data': None, 'placeholder': None, 'errorMsg': None}
2022-04-22 16:21:20,653 - [test_land_stream.py--->line:108] - INFO:用例投资审批登录执行通过
2022-04-22 16:21:20,653 - [test_land_stream.py--->line:109] - INFO:实际结果：{'code': '2000', 'message': None, 'data': 'eyJhbGciOiJIUzUxMiJ9.eyJzdWIiOiJmZW5neCIsInVzZXJJZCI6IkcwMzMxNyIsIm5pY2tuYW1lIjoi5Yav5p-Q5p-QIiwiZXhwIjoxNjUwNzAyMDc2fQ.MhgqNQOKD_cYJcO3tSb7HPiRgZ4yTpba-CPlGHXWjdLdgKxlzEhVA4PyMmzxtGxYmYcI8mLAombQnmQtisr-yg', 'placeholder': None, 'errorMsg': None}
2022-04-22 16:21:20,813 - [test_land_stream.py--->line:108] - INFO:用例获取审批taskId执行通过
2022-04-22 16:21:20,814 - [test_land_stream.py--->line:109] - INFO:实际结果：{'code': '2000', 'message': None, 'data': {'id': 'DRSZjOoyVLgpOFghV-Z9Ab', 'version': 1, 'createdDate': 1650615676000, 'createdBy': 'shaoy', 'updatedDate': 1650615676000, 'updatedBy': 'shaoy', 'proUserName': 'shaoy', 'proNickName': '邵某某', 'appCode': 'de', 'proKey': 'parcelflow01', 'proConfId': 'DrfEY5E8lKlYzh-CKyxyl-', 'proInsId': '437649096223268958', 'proInsName': '邵某某_SHDK709873_地块数据填报', 'proStartTime': 1650615676000, 'status': '1', 'handleStatus': '0', 'lastHandleTime': 1650615676000, 'isExpired': '0', 'taskVariables': {'approveResult': 'Y', 'modelCode': 'r009', 'roleCode': 'ROLE_XMGS_TZWH,DCZZ_GL0000012'}, 'extendParameter': '{"modelCode":"r009"}', 'departmentCode': 'GL0000012', 'departmentName': '苏州城市公司（苏州、上海）', 'pcTodoUrl': 'approveParcel', 'mobileTodoUrl': 'http://127.0.0.1:37090/approveH5', 'subjectName': '地块数据填报流程', 'nodeDetailList': [{'id': 'DTatSk3fRNK5mgBNh8uetQ', 'version': 0, 'createdDate': 1607238229000, 'createdBy': 'admin', 'updatedDate': 1607238229000, 'updatedBy': 'admin', 'proConfId': 'DrfEY5E8lKlYzh-CKyxyl-', 'nodeType': '1', 'nodeKey': 'task2', 'nodeName': '投资审批', 'nodeCode': 'SP_ROLE_XMGS_TZSP', 'skipType': '0', 'countsignFlag': '0', 'countsignType': '0', 'countsignStrategy': '0', 'remark': '', 'noneUserHandleType': '2', 'roleType': '1', 'ccType': '2', 'gojsKey': '-3', 'extendInfo2': 'ROLE_XMGS_TZSP', 'pushTodoType': '1', 'taskList': [{'taskId': '437649097255067763', 'approveResult': '0', 'userList': [{'userName': 'fengx', 'nickName': '冯某某'}]}], 'formList': []}]}, 'placeholder': None, 'errorMsg': None}
2022-04-22 16:21:21,053 - [test_land_stream.py--->line:108] - INFO:用例地块审批同意执行通过
2022-04-22 16:21:21,053 - [test_land_stream.py--->line:109] - INFO:实际结果：{'code': '2000', 'message': '操作成功', 'data': {'taskId': '437649097255067763', 'proInsId': None, 'comment': '同意', 'approveResult': '1', 'submitFlag': 0, 'taskVariables': {'approveResult': 'Y'}, 'buttonType': '1', 'formDataList': None, 'targetNodeKey': None, 'targetNodeCode': None, 'nextNodeRoleMap': None, 'userProAttaches': None, 'updateTodoCenter': True, 'stepApprovalResult': None, 'stepNodeApprovalResult': None, 'needRestart': True, 'customTitle': None, 'nodeToDoList': None, 'checkAuth': True}, 'placeholder': None, 'errorMsg': None}
2022-04-22 16:48:08,170 - [handlelog.py--->line:34] - INFO:python66666666
2022-04-22 16:48:58,046 - [handlelog.py--->line:34] - INFO:python66666666
2022-04-22 16:48:58,721 - [test_land_stream1.py--->line:108] - INFO:用例投资维护登录执行通过
2022-04-22 16:48:58,722 - [test_land_stream1.py--->line:109] - INFO:实际结果：{'code': '2000', 'message': None, 'data': 'eyJhbGciOiJIUzUxMiJ9.eyJzdWIiOiJzaGFveSIsInVzZXJJZCI6IkcwMDA5NyIsIm5pY2tuYW1lIjoi6YK15p-Q5p-QIiwiZXhwIjoxNjUwNzAzNzM0fQ.R8m5YyKXoDCn0EdBgdMCo0jRXDH3_4Dv8AOLdrs9DiAkPlZw41trcaqPHJ5537A2MOojdsFgwupjawVJs65Qdg', 'placeholder': None, 'errorMsg': None}
2022-04-22 16:48:59,492 - [test_land_stream1.py--->line:108] - INFO:用例新增地块执行通过
2022-04-22 16:48:59,492 - [test_land_stream1.py--->line:109] - INFO:实际结果：{'code': '2000', 'message': 'msg_save_success', 'data': None, 'placeholder': None, 'errorMsg': None}
2022-04-22 16:49:00,381 - [test_land_stream1.py--->line:108] - INFO:用例地块发起审批执行通过
2022-04-22 16:49:00,381 - [test_land_stream1.py--->line:109] - INFO:实际结果：{'code': '2000', 'message': 'msg_update_success', 'data': None, 'placeholder': None, 'errorMsg': None}
2022-04-22 16:49:00,586 - [test_land_stream1.py--->line:108] - INFO:用例投资审批登录执行通过
2022-04-22 16:49:00,586 - [test_land_stream1.py--->line:109] - INFO:实际结果：{'code': '2000', 'message': None, 'data': 'eyJhbGciOiJIUzUxMiJ9.eyJzdWIiOiJmZW5neCIsInVzZXJJZCI6IkcwMzMxNyIsIm5pY2tuYW1lIjoi5Yav5p-Q5p-QIiwiZXhwIjoxNjUwNzAzNzM2fQ.PMsjEXO8KS7202QLJQmdL9hItDO9IV-F_g0hz2nOlmpXTYLq3JJaNYKI5ZysXqi_GEMG8rg8o9qKjhoYFdSVBA', 'placeholder': None, 'errorMsg': None}
2022-04-22 16:49:00,717 - [test_land_stream1.py--->line:108] - INFO:用例获取审批taskId执行通过
2022-04-22 16:49:00,718 - [test_land_stream1.py--->line:109] - INFO:实际结果：{'code': '2000', 'message': None, 'data': {'id': 'DYPsQ0gZpFY6LQRnMHFN9e', 'version': 1, 'createdDate': 1650617336000, 'createdBy': 'shaoy', 'updatedDate': 1650617336000, 'updatedBy': 'shaoy', 'proUserName': 'shaoy', 'proNickName': '邵某某', 'appCode': 'de', 'proKey': 'parcelflow01', 'proConfId': 'DrfEY5E8lKlYzh-CKyxyl-', 'proInsId': '437656058155540605', 'proInsName': '邵某某_SHDK542562_地块数据填报', 'proStartTime': 1650617336000, 'status': '1', 'handleStatus': '0', 'lastHandleTime': 1650617336000, 'isExpired': '0', 'taskVariables': {'approveResult': 'Y', 'modelCode': 'r009', 'roleCode': 'ROLE_XMGS_TZWH,DCZZ_GL0000012'}, 'extendParameter': '{"modelCode":"r009"}', 'departmentCode': 'GL0000012', 'departmentName': '苏州城市公司（苏州、上海）', 'pcTodoUrl': 'approveParcel', 'mobileTodoUrl': 'http://127.0.0.1:37090/approveH5', 'subjectName': '地块数据填报流程', 'nodeDetailList': [{'id': 'DTatSk3fRNK5mgBNh8uetQ', 'version': 0, 'createdDate': 1607238229000, 'createdBy': 'admin', 'updatedDate': 1607238229000, 'updatedBy': 'admin', 'proConfId': 'DrfEY5E8lKlYzh-CKyxyl-', 'nodeType': '1', 'nodeKey': 'task2', 'nodeName': '投资审批', 'nodeCode': 'SP_ROLE_XMGS_TZSP', 'skipType': '0', 'countsignFlag': '0', 'countsignType': '0', 'countsignStrategy': '0', 'remark': '', 'noneUserHandleType': '2', 'roleType': '1', 'ccType': '2', 'gojsKey': '-3', 'extendInfo2': 'ROLE_XMGS_TZSP', 'pushTodoType': '1', 'taskList': [{'taskId': '437656058738548882', 'approveResult': '0', 'userList': [{'userName': 'fengx', 'nickName': '冯某某'}]}], 'formList': []}]}, 'placeholder': None, 'errorMsg': None}
2022-04-22 16:49:00,983 - [test_land_stream1.py--->line:108] - INFO:用例地块审批同意执行通过
2022-04-22 16:49:00,983 - [test_land_stream1.py--->line:109] - INFO:实际结果：{'code': '2000', 'message': '操作成功', 'data': {'taskId': '437656058738548882', 'proInsId': None, 'comment': '同意', 'approveResult': '1', 'submitFlag': 0, 'taskVariables': {'approveResult': 'Y'}, 'buttonType': '1', 'formDataList': None, 'targetNodeKey': None, 'targetNodeCode': None, 'nextNodeRoleMap': None, 'userProAttaches': None, 'updateTodoCenter': True, 'stepApprovalResult': None, 'stepNodeApprovalResult': None, 'needRestart': True, 'customTitle': None, 'nodeToDoList': None, 'checkAuth': True}, 'placeholder': None, 'errorMsg': None}
2022-04-22 16:49:11,509 - [handlelog.py--->line:34] - INFO:python66666666
2022-04-22 16:50:20,463 - [handlelog.py--->line:34] - INFO:python66666666
2022-04-22 17:01:54,479 - [handlelog.py--->line:34] - INFO:python66666666
2022-04-22 17:01:55,154 - [test_land_stream.py--->line:109] - INFO:用例投资维护登录执行通过
2022-04-22 17:01:55,155 - [test_land_stream.py--->line:110] - INFO:实际结果：{'code': '2000', 'message': None, 'data': 'eyJhbGciOiJIUzUxMiJ9.eyJzdWIiOiJzaGFveSIsInVzZXJJZCI6IkcwMDA5NyIsIm5pY2tuYW1lIjoi6YK15p-Q5p-QIiwiZXhwIjoxNjUwNzA0NTEwfQ.3KcPVgn_Jo0RHgk9Z0azQjQ2bTEhpd7CTmiTqb4nFhUUZVrkP_yohH1PuMSYou7VjVd8Vk2OEUj-G9hS_m6diw', 'placeholder': None, 'errorMsg': None}
2022-04-22 17:01:55,838 - [test_land_stream.py--->line:109] - INFO:用例新增地块执行通过
2022-04-22 17:01:55,838 - [test_land_stream.py--->line:110] - INFO:实际结果：{'code': '2000', 'message': 'msg_save_success', 'data': None, 'placeholder': None, 'errorMsg': None}
2022-04-22 17:01:56,510 - [test_land_stream.py--->line:109] - INFO:用例地块发起审批执行通过
2022-04-22 17:01:56,511 - [test_land_stream.py--->line:110] - INFO:实际结果：{'code': '2000', 'message': 'msg_update_success', 'data': None, 'placeholder': None, 'errorMsg': None}
2022-04-22 17:01:56,733 - [test_land_stream.py--->line:109] - INFO:用例投资审批登录执行通过
2022-04-22 17:01:56,733 - [test_land_stream.py--->line:110] - INFO:实际结果：{'code': '2000', 'message': None, 'data': 'eyJhbGciOiJIUzUxMiJ9.eyJzdWIiOiJmZW5neCIsInVzZXJJZCI6IkcwMzMxNyIsIm5pY2tuYW1lIjoi5Yav5p-Q5p-QIiwiZXhwIjoxNjUwNzA0NTEyfQ.9m_sv6JcvB6Sqv3NTnyHJCyTbpFOXYy5-dlRs63vz7tyPGgBGmscN-4A-jr2041mLPIHeILOc47uoMohjX739A', 'placeholder': None, 'errorMsg': None}
2022-04-22 17:01:56,871 - [test_land_stream.py--->line:109] - INFO:用例获取审批taskId执行通过
2022-04-22 17:01:56,872 - [test_land_stream.py--->line:110] - INFO:实际结果：{'code': '2000', 'message': None, 'data': {'id': 'BlU6D3vv9In5BgCLKESvRx', 'version': 1, 'createdDate': 1650618112000, 'createdBy': 'shaoy', 'updatedDate': 1650618112000, 'updatedBy': 'shaoy', 'proUserName': 'shaoy', 'proNickName': '邵某某', 'appCode': 'de', 'proKey': 'parcelflow01', 'proConfId': 'DrfEY5E8lKlYzh-CKyxyl-', 'proInsId': '437659314411839644', 'proInsName': '邵某某_SHDK352077_地块数据填报', 'proStartTime': 1650618112000, 'status': '1', 'handleStatus': '0', 'lastHandleTime': 1650618112000, 'isExpired': '0', 'taskVariables': {'approveResult': 'Y', 'modelCode': 'r009', 'roleCode': 'ROLE_XMGS_TZWH,DCZZ_GL0000012'}, 'extendParameter': '{"modelCode":"r009"}', 'departmentCode': 'GL0000012', 'departmentName': '苏州城市公司（苏州、上海）', 'pcTodoUrl': 'approveParcel', 'mobileTodoUrl': 'http://127.0.0.1:37090/approveH5', 'subjectName': '地块数据填报流程', 'nodeDetailList': [{'id': 'DTatSk3fRNK5mgBNh8uetQ', 'version': 0, 'createdDate': 1607238229000, 'createdBy': 'admin', 'updatedDate': 1607238229000, 'updatedBy': 'admin', 'proConfId': 'DrfEY5E8lKlYzh-CKyxyl-', 'nodeType': '1', 'nodeKey': 'task2', 'nodeName': '投资审批', 'nodeCode': 'SP_ROLE_XMGS_TZSP', 'skipType': '0', 'countsignFlag': '0', 'countsignType': '0', 'countsignStrategy': '0', 'remark': '', 'noneUserHandleType': '2', 'roleType': '1', 'ccType': '2', 'gojsKey': '-3', 'extendInfo2': 'ROLE_XMGS_TZSP', 'pushTodoType': '1', 'taskList': [{'taskId': '437659314982265009', 'approveResult': '0', 'userList': [{'userName': 'fengx', 'nickName': '冯某某'}]}], 'formList': []}]}, 'placeholder': None, 'errorMsg': None}
2022-04-22 17:01:57,127 - [test_land_stream.py--->line:109] - INFO:用例地块审批同意执行通过
2022-04-22 17:01:57,128 - [test_land_stream.py--->line:110] - INFO:实际结果：{'code': '2000', 'message': '操作成功', 'data': {'taskId': '437659314982265009', 'proInsId': None, 'comment': '同意', 'approveResult': '1', 'submitFlag': 0, 'taskVariables': {'approveResult': 'Y'}, 'buttonType': '1', 'formDataList': None, 'targetNodeKey': None, 'targetNodeCode': None, 'nextNodeRoleMap': None, 'userProAttaches': None, 'updateTodoCenter': True, 'stepApprovalResult': None, 'stepNodeApprovalResult': None, 'needRestart': True, 'customTitle': None, 'nodeToDoList': None, 'checkAuth': True}, 'placeholder': None, 'errorMsg': None}
2022-04-22 17:02:08,149 - [handlelog.py--->line:34] - INFO:python66666666
2022-04-22 17:02:08,797 - [test_land_stream.py--->line:109] - INFO:用例投资维护登录执行通过
2022-04-22 17:02:08,798 - [test_land_stream.py--->line:110] - INFO:实际结果：{'code': '2000', 'message': None, 'data': 'eyJhbGciOiJIUzUxMiJ9.eyJzdWIiOiJzaGFveSIsInVzZXJJZCI6IkcwMDA5NyIsIm5pY2tuYW1lIjoi6YK15p-Q5p-QIiwiZXhwIjoxNjUwNzA0NTI0fQ.N8nzYjTkzifr-wRQWbw3MMgINwsq-l4qymjkvnagZfHSK_PJNaxHEkMom6xaum_h_LN0_sKEfU74Edt-vT1vGA', 'placeholder': None, 'errorMsg': None}
2022-04-22 17:02:09,469 - [test_land_stream.py--->line:109] - INFO:用例新增地块执行通过
2022-04-22 17:02:09,470 - [test_land_stream.py--->line:110] - INFO:实际结果：{'code': '2000', 'message': 'msg_save_success', 'data': None, 'placeholder': None, 'errorMsg': None}
2022-04-22 17:02:10,129 - [test_land_stream.py--->line:109] - INFO:用例地块发起审批执行通过
2022-04-22 17:02:10,129 - [test_land_stream.py--->line:110] - INFO:实际结果：{'code': '2000', 'message': 'msg_update_success', 'data': None, 'placeholder': None, 'errorMsg': None}
2022-04-22 17:02:10,358 - [test_land_stream.py--->line:109] - INFO:用例投资审批登录执行通过
2022-04-22 17:02:10,359 - [test_land_stream.py--->line:110] - INFO:实际结果：{'code': '2000', 'message': None, 'data': 'eyJhbGciOiJIUzUxMiJ9.eyJzdWIiOiJmZW5neCIsInVzZXJJZCI6IkcwMzMxNyIsIm5pY2tuYW1lIjoi5Yav5p-Q5p-QIiwiZXhwIjoxNjUwNzA0NTI1fQ.YBl6IQHtcKuKa3z-DepMSt-qSJcdyKaev3tObnXc0C1qKlsnGbOGb6f1GNsbdhX0u4Y5-j4TJF2LbJZvd1DUew', 'placeholder': None, 'errorMsg': None}
2022-04-22 17:02:10,495 - [test_land_stream.py--->line:109] - INFO:用例获取审批taskId执行通过
2022-04-22 17:02:10,496 - [test_land_stream.py--->line:110] - INFO:实际结果：{'code': '2000', 'message': None, 'data': {'id': 'BgcFZIs1pCCpeXk_UtGFby', 'version': 1, 'createdDate': 1650618126000, 'createdBy': 'shaoy', 'updatedDate': 1650618126000, 'updatedBy': 'shaoy', 'proUserName': 'shaoy', 'proNickName': '邵某某', 'appCode': 'de', 'proKey': 'parcelflow01', 'proConfId': 'DrfEY5E8lKlYzh-CKyxyl-', 'proInsId': '437659371559231675', 'proInsName': '邵某某_SHDK290641_地块数据填报', 'proStartTime': 1650618125000, 'status': '1', 'handleStatus': '0', 'lastHandleTime': 1650618126000, 'isExpired': '0', 'taskVariables': {'approveResult': 'Y', 'modelCode': 'r009', 'roleCode': 'ROLE_XMGS_TZWH,DCZZ_GL0000012'}, 'extendParameter': '{"modelCode":"r009"}', 'departmentCode': 'GL0000012', 'departmentName': '苏州城市公司（苏州、上海）', 'pcTodoUrl': 'approveParcel', 'mobileTodoUrl': 'http://127.0.0.1:37090/approveH5', 'subjectName': '地块数据填报流程', 'nodeDetailList': [{'id': 'DTatSk3fRNK5mgBNh8uetQ', 'version': 0, 'createdDate': 1607238229000, 'createdBy': 'admin', 'updatedDate': 1607238229000, 'updatedBy': 'admin', 'proConfId': 'DrfEY5E8lKlYzh-CKyxyl-', 'nodeType': '1', 'nodeKey': 'task2', 'nodeName': '投资审批', 'nodeCode': 'SP_ROLE_XMGS_TZSP', 'skipType': '0', 'countsignFlag': '0', 'countsignType': '0', 'countsignStrategy': '0', 'remark': '', 'noneUserHandleType': '2', 'roleType': '1', 'ccType': '2', 'gojsKey': '-3', 'extendInfo2': 'ROLE_XMGS_TZSP', 'pushTodoType': '1', 'taskList': [{'taskId': '437659372104491216', 'approveResult': '0', 'userList': [{'userName': 'fengx', 'nickName': '冯某某'}]}], 'formList': []}]}, 'placeholder': None, 'errorMsg': None}
2022-04-22 17:02:10,712 - [test_land_stream.py--->line:109] - INFO:用例地块审批同意执行通过
2022-04-22 17:02:10,712 - [test_land_stream.py--->line:110] - INFO:实际结果：{'code': '2000', 'message': '操作成功', 'data': {'taskId': '437659372104491216', 'proInsId': None, 'comment': '同意', 'approveResult': '1', 'submitFlag': 0, 'taskVariables': {'approveResult': 'Y'}, 'buttonType': '1', 'formDataList': None, 'targetNodeKey': None, 'targetNodeCode': None, 'nextNodeRoleMap': None, 'userProAttaches': None, 'updateTodoCenter': True, 'stepApprovalResult': None, 'stepNodeApprovalResult': None, 'needRestart': True, 'customTitle': None, 'nodeToDoList': None, 'checkAuth': True}, 'placeholder': None, 'errorMsg': None}
2022-04-22 17:17:21,095 - [handlelog.py--->line:34] - INFO:python66666666
2022-04-22 17:18:18,336 - [handlelog.py--->line:34] - INFO:python66666666
2022-04-22 17:18:19,013 - [test_land_stream.py--->line:108] - INFO:用例投资维护登录执行通过
2022-04-22 17:18:19,013 - [test_land_stream.py--->line:109] - INFO:实际结果：{'code': '2000', 'message': None, 'data': 'eyJhbGciOiJIUzUxMiJ9.eyJzdWIiOiJzaGFveSIsInVzZXJJZCI6IkcwMDA5NyIsIm5pY2tuYW1lIjoi6YK15p-Q5p-QIiwiZXhwIjoxNjUwNzA1NDk0fQ.ss4K7Xuy1IeBQPzm_2fvmlIFfpUDakT7FZxbNibFrMuTWMkBOD6fLxFWnyBfqlQYbfOCBofe0e8UpXha98kXCw', 'placeholder': None, 'errorMsg': None}
2022-04-22 17:18:19,864 - [test_land_stream.py--->line:108] - INFO:用例新增地块执行通过
2022-04-22 17:18:19,864 - [test_land_stream.py--->line:109] - INFO:实际结果：{'code': '2000', 'message': 'msg_save_success', 'data': None, 'placeholder': None, 'errorMsg': None}
2022-04-22 17:18:20,590 - [test_land_stream.py--->line:108] - INFO:用例地块发起审批执行通过
2022-04-22 17:18:20,590 - [test_land_stream.py--->line:109] - INFO:实际结果：{'code': '2000', 'message': 'msg_update_success', 'data': None, 'placeholder': None, 'errorMsg': None}
2022-04-22 17:18:20,808 - [test_land_stream.py--->line:108] - INFO:用例投资审批登录执行通过
2022-04-22 17:18:20,808 - [test_land_stream.py--->line:109] - INFO:实际结果：{'code': '2000', 'message': None, 'data': 'eyJhbGciOiJIUzUxMiJ9.eyJzdWIiOiJmZW5neCIsInVzZXJJZCI6IkcwMzMxNyIsIm5pY2tuYW1lIjoi5Yav5p-Q5p-QIiwiZXhwIjoxNjUwNzA1NDk2fQ.TSbKh84lNBw1QgGyokNkOfw2YWxO7wpNmCN7bxsBjzNGbxF_qwk_s2lQcgkwVcsDRJ1Rmr6ac727pND7iropuA', 'placeholder': None, 'errorMsg': None}
2022-04-22 17:18:20,947 - [test_land_stream.py--->line:108] - INFO:用例获取审批taskId执行通过
2022-04-22 17:18:20,947 - [test_land_stream.py--->line:109] - INFO:实际结果：{'code': '2000', 'message': None, 'data': {'id': 'BQ4mD8yLlMe4ehBM-Sn9Qd', 'version': 1, 'createdDate': 1650619096000, 'createdBy': 'shaoy', 'updatedDate': 1650619096000, 'updatedBy': 'shaoy', 'proUserName': 'shaoy', 'proNickName': '邵某某', 'appCode': 'de', 'proKey': 'parcelflow01', 'proConfId': 'DrfEY5E8lKlYzh-CKyxyl-', 'proInsId': '437663441879605466', 'proInsName': '邵某某_SHDK244865_地块数据填报', 'proStartTime': 1650619096000, 'status': '1', 'handleStatus': '0', 'lastHandleTime': 1650619096000, 'isExpired': '0', 'taskVariables': {'approveResult': 'Y', 'modelCode': 'r009', 'roleCode': 'ROLE_XMGS_TZWH,DCZZ_GL0000012'}, 'extendParameter': '{"modelCode":"r009"}', 'departmentCode': 'GL0000012', 'departmentName': '苏州城市公司（苏州、上海）', 'pcTodoUrl': 'approveParcel', 'mobileTodoUrl': 'http://127.0.0.1:37090/approveH5', 'subjectName': '地块数据填报流程', 'nodeDetailList': [{'id': 'DTatSk3fRNK5mgBNh8uetQ', 'version': 0, 'createdDate': 1607238229000, 'createdBy': 'admin', 'updatedDate': 1607238229000, 'updatedBy': 'admin', 'proConfId': 'DrfEY5E8lKlYzh-CKyxyl-', 'nodeType': '1', 'nodeKey': 'task2', 'nodeName': '投资审批', 'nodeCode': 'SP_ROLE_XMGS_TZSP', 'skipType': '0', 'countsignFlag': '0', 'countsignType': '0', 'countsignStrategy': '0', 'remark': '', 'noneUserHandleType': '2', 'roleType': '1', 'ccType': '2', 'gojsKey': '-3', 'extendInfo2': 'ROLE_XMGS_TZSP', 'pushTodoType': '1', 'taskList': [{'taskId': '437663442538111215', 'approveResult': '0', 'userList': [{'userName': 'fengx', 'nickName': '冯某某'}]}], 'formList': []}]}, 'placeholder': None, 'errorMsg': None}
2022-04-22 17:18:21,218 - [test_land_stream.py--->line:108] - INFO:用例地块审批同意执行通过
2022-04-22 17:18:21,218 - [test_land_stream.py--->line:109] - INFO:实际结果：{'code': '2000', 'message': '操作成功', 'data': {'taskId': '437663442538111215', 'proInsId': None, 'comment': '同意', 'approveResult': '1', 'submitFlag': 0, 'taskVariables': {'approveResult': 'Y'}, 'buttonType': '1', 'formDataList': None, 'targetNodeKey': None, 'targetNodeCode': None, 'nextNodeRoleMap': None, 'userProAttaches': None, 'updateTodoCenter': True, 'stepApprovalResult': None, 'stepNodeApprovalResult': None, 'needRestart': True, 'customTitle': None, 'nodeToDoList': None, 'checkAuth': True}, 'placeholder': None, 'errorMsg': None}
2022-04-22 17:22:27,017 - [handlelog.py--->line:34] - INFO:python66666666
2022-04-22 17:22:27,668 - [test_land_stream.py--->line:108] - INFO:用例投资维护登录执行通过
2022-04-22 17:22:27,669 - [test_land_stream.py--->line:109] - INFO:实际结果：{'code': '2000', 'message': None, 'data': 'eyJhbGciOiJIUzUxMiJ9.eyJzdWIiOiJzaGFveSIsInVzZXJJZCI6IkcwMDA5NyIsIm5pY2tuYW1lIjoi6YK15p-Q5p-QIiwiZXhwIjoxNjUwNzA1NzQzfQ.fsvVxWkBZprh0fcySi6u3g1fc8az6XIIPaNmQvAKDRXpyKYJZXoWYk7brZ6VPExN9xekjcKf2D4qmEo0QVBfiA', 'placeholder': None, 'errorMsg': None}
2022-04-22 17:22:28,347 - [test_land_stream.py--->line:108] - INFO:用例新增地块执行通过
2022-04-22 17:22:28,348 - [test_land_stream.py--->line:109] - INFO:实际结果：{'code': '2000', 'message': 'msg_save_success', 'data': None, 'placeholder': None, 'errorMsg': None}
2022-04-22 17:22:29,013 - [test_land_stream.py--->line:108] - INFO:用例地块发起审批执行通过
2022-04-22 17:22:29,013 - [test_land_stream.py--->line:109] - INFO:实际结果：{'code': '2000', 'message': 'msg_update_success', 'data': None, 'placeholder': None, 'errorMsg': None}
2022-04-22 17:22:29,225 - [test_land_stream.py--->line:108] - INFO:用例投资审批登录执行通过
2022-04-22 17:22:29,226 - [test_land_stream.py--->line:109] - INFO:实际结果：{'code': '2000', 'message': None, 'data': 'eyJhbGciOiJIUzUxMiJ9.eyJzdWIiOiJmZW5neCIsInVzZXJJZCI6IkcwMzMxNyIsIm5pY2tuYW1lIjoi5Yav5p-Q5p-QIiwiZXhwIjoxNjUwNzA1NzQ0fQ.RgMGRnFkt4L9HeAWYxuLZJWy76tHZYZa7lTxExyzLuh0pJhvO6q2FjM45p_h8DYAnVTl7fg2Vg_LUgiiofuNbA', 'placeholder': None, 'errorMsg': None}
2022-04-22 17:22:29,348 - [test_land_stream.py--->line:108] - INFO:用例获取审批taskId执行通过
2022-04-22 17:22:29,348 - [test_land_stream.py--->line:109] - INFO:实际结果：{'code': '2000', 'message': None, 'data': {'id': 'DuzKq4a69MX6IMzCtIrvSv', 'version': 1, 'createdDate': 1650619344000, 'createdBy': 'shaoy', 'updatedDate': 1650619344000, 'updatedBy': 'shaoy', 'proUserName': 'shaoy', 'proNickName': '邵某某', 'appCode': 'de', 'proKey': 'parcelflow01', 'proConfId': 'DrfEY5E8lKlYzh-CKyxyl-', 'proInsId': '437664483895714041', 'proInsName': '邵某某_SHDK18532_地块数据填报', 'proStartTime': 1650619344000, 'status': '1', 'handleStatus': '0', 'lastHandleTime': 1650619344000, 'isExpired': '0', 'taskVariables': {'approveResult': 'Y', 'modelCode': 'r009', 'roleCode': 'ROLE_XMGS_TZWH,DCZZ_GL0000012'}, 'extendParameter': '{"modelCode":"r009"}', 'departmentCode': 'GL0000012', 'departmentName': '苏州城市公司（苏州、上海）', 'pcTodoUrl': 'approveParcel', 'mobileTodoUrl': 'http://127.0.0.1:37090/approveH5', 'subjectName': '地块数据填报流程', 'nodeDetailList': [{'id': 'DTatSk3fRNK5mgBNh8uetQ', 'version': 0, 'createdDate': 1607238229000, 'createdBy': 'admin', 'updatedDate': 1607238229000, 'updatedBy': 'admin', 'proConfId': 'DrfEY5E8lKlYzh-CKyxyl-', 'nodeType': '1', 'nodeKey': 'task2', 'nodeName': '投资审批', 'nodeCode': 'SP_ROLE_XMGS_TZSP', 'skipType': '0', 'countsignFlag': '0', 'countsignType': '0', 'countsignStrategy': '0', 'remark': '', 'noneUserHandleType': '2', 'roleType': '1', 'ccType': '2', 'gojsKey': '-3', 'extendInfo2': 'ROLE_XMGS_TZSP', 'pushTodoType': '1', 'taskList': [{'taskId': '437664484466139406', 'approveResult': '0', 'userList': [{'userName': 'fengx', 'nickName': '冯某某'}]}], 'formList': []}]}, 'placeholder': None, 'errorMsg': None}
2022-04-22 17:22:29,555 - [test_land_stream.py--->line:108] - INFO:用例地块审批同意执行通过
2022-04-22 17:22:29,555 - [test_land_stream.py--->line:109] - INFO:实际结果：{'code': '2000', 'message': '操作成功', 'data': {'taskId': '437664484466139406', 'proInsId': None, 'comment': '同意', 'approveResult': '1', 'submitFlag': 0, 'taskVariables': {'approveResult': 'Y'}, 'buttonType': '1', 'formDataList': None, 'targetNodeKey': None, 'targetNodeCode': None, 'nextNodeRoleMap': None, 'userProAttaches': None, 'updateTodoCenter': True, 'stepApprovalResult': None, 'stepNodeApprovalResult': None, 'needRestart': True, 'customTitle': None, 'nodeToDoList': None, 'checkAuth': True}, 'placeholder': None, 'errorMsg': None}
2022-04-22 17:24:41,846 - [handlelog.py--->line:34] - INFO:python66666666
2022-04-22 17:24:42,619 - [test_land_stream.py--->line:108] - INFO:用例投资维护登录执行通过
2022-04-22 17:24:42,619 - [test_land_stream.py--->line:109] - INFO:实际结果：{'code': '2000', 'message': None, 'data': 'eyJhbGciOiJIUzUxMiJ9.eyJzdWIiOiJzaGFveSIsInVzZXJJZCI6IkcwMDA5NyIsIm5pY2tuYW1lIjoi6YK15p-Q5p-QIiwiZXhwIjoxNjUwNzA1ODc3fQ.F6ziHgDJ38mD-skZm-_i6CxY3cVNagfy9N98KWEbUeiI9wQgARYY99__RCx01VkCoBI0hB_MB3Js0rxev_eTxg', 'placeholder': None, 'errorMsg': None}
2022-04-22 17:24:43,324 - [test_land_stream.py--->line:108] - INFO:用例新增地块执行通过
2022-04-22 17:24:43,325 - [test_land_stream.py--->line:109] - INFO:实际结果：{'code': '2000', 'message': 'msg_save_success', 'data': None, 'placeholder': None, 'errorMsg': None}
2022-04-22 17:24:43,974 - [test_land_stream.py--->line:108] - INFO:用例地块发起审批执行通过
2022-04-22 17:24:43,974 - [test_land_stream.py--->line:109] - INFO:实际结果：{'code': '2000', 'message': 'msg_update_success', 'data': None, 'placeholder': None, 'errorMsg': None}
2022-04-22 17:24:44,192 - [test_land_stream.py--->line:108] - INFO:用例投资审批登录执行通过
2022-04-22 17:24:44,192 - [test_land_stream.py--->line:109] - INFO:实际结果：{'code': '2000', 'message': None, 'data': 'eyJhbGciOiJIUzUxMiJ9.eyJzdWIiOiJmZW5neCIsInVzZXJJZCI6IkcwMzMxNyIsIm5pY2tuYW1lIjoi5Yav5p-Q5p-QIiwiZXhwIjoxNjUwNzA1ODc5fQ.Uc7CEJbXuFtueCFhRUznfk3bU5nibMz6Hd9DFbR2gC2recASRz8g0Th01BwG5VHDya--MCTi6Xw0I-MOUGIARg', 'placeholder': None, 'errorMsg': None}
2022-04-22 17:24:44,309 - [test_land_stream.py--->line:108] - INFO:用例获取审批taskId执行通过
2022-04-22 17:24:44,309 - [test_land_stream.py--->line:109] - INFO:实际结果：{'code': '2000', 'message': None, 'data': {'id': 'DcXv6w1CdGMYY6GM5B492B', 'version': 1, 'createdDate': 1650619479000, 'createdBy': 'shaoy', 'updatedDate': 1650619479000, 'updatedBy': 'shaoy', 'proUserName': 'shaoy', 'proNickName': '邵某某', 'appCode': 'de', 'proKey': 'parcelflow01', 'proConfId': 'DrfEY5E8lKlYzh-CKyxyl-', 'proInsId': '437665050009313560', 'proInsName': '邵某某_SHDK777034_地块数据填报', 'proStartTime': 1650619479000, 'status': '1', 'handleStatus': '0', 'lastHandleTime': 1650619479000, 'isExpired': '0', 'taskVariables': {'approveResult': 'Y', 'modelCode': 'r009', 'roleCode': 'ROLE_XMGS_TZWH,DCZZ_GL0000012'}, 'extendParameter': '{"modelCode":"r009"}', 'departmentCode': 'GL0000012', 'departmentName': '苏州城市公司（苏州、上海）', 'pcTodoUrl': 'approveParcel', 'mobileTodoUrl': 'http://127.0.0.1:37090/approveH5', 'subjectName': '地块数据填报流程', 'nodeDetailList': [{'id': 'DTatSk3fRNK5mgBNh8uetQ', 'version': 0, 'createdDate': 1607238229000, 'createdBy': 'admin', 'updatedDate': 1607238229000, 'updatedBy': 'admin', 'proConfId': 'DrfEY5E8lKlYzh-CKyxyl-', 'nodeType': '1', 'nodeKey': 'task2', 'nodeName': '投资审批', 'nodeCode': 'SP_ROLE_XMGS_TZSP', 'skipType': '0', 'countsignFlag': '0', 'countsignType': '0', 'countsignStrategy': '0', 'remark': '', 'noneUserHandleType': '2', 'roleType': '1', 'ccType': '2', 'gojsKey': '-3', 'extendInfo2': 'ROLE_XMGS_TZSP', 'pushTodoType': '1', 'taskList': [{'taskId': '437665050533601581', 'approveResult': '0', 'userList': [{'userName': 'fengx', 'nickName': '冯某某'}]}], 'formList': []}]}, 'placeholder': None, 'errorMsg': None}
2022-04-22 17:24:44,543 - [test_land_stream.py--->line:108] - INFO:用例地块审批同意执行通过
2022-04-22 17:24:44,543 - [test_land_stream.py--->line:109] - INFO:实际结果：{'code': '2000', 'message': '操作成功', 'data': {'taskId': '437665050533601581', 'proInsId': None, 'comment': '同意', 'approveResult': '1', 'submitFlag': 0, 'taskVariables': {'approveResult': 'Y'}, 'buttonType': '1', 'formDataList': None, 'targetNodeKey': None, 'targetNodeCode': None, 'nextNodeRoleMap': None, 'userProAttaches': None, 'updateTodoCenter': True, 'stepApprovalResult': None, 'stepNodeApprovalResult': None, 'needRestart': True, 'customTitle': None, 'nodeToDoList': None, 'checkAuth': True}, 'placeholder': None, 'errorMsg': None}
2022-04-22 17:24:50,064 - [handlelog.py--->line:34] - INFO:python66666666
2022-04-22 17:36:26,155 - [handlelog.py--->line:34] - INFO:python66666666
2022-04-22 17:39:10,681 - [handlelog.py--->line:34] - INFO:python66666666
2022-04-22 17:39:25,229 - [handlelog.py--->line:34] - INFO:python66666666
2022-04-22 17:40:19,773 - [handlelog.py--->line:34] - INFO:python66666666
2022-04-22 17:42:41,054 - [handlelog.py--->line:34] - INFO:python66666666
2022-04-22 17:43:29,958 - [handlelog.py--->line:34] - INFO:python66666666
2022-04-22 17:44:24,329 - [handlelog.py--->line:34] - INFO:python66666666
2022-04-22 17:46:31,951 - [handlelog.py--->line:34] - INFO:python66666666
2022-04-22 17:54:16,823 - [handlelog.py--->line:34] - INFO:python66666666
2022-04-22 17:59:35,837 - [handlelog.py--->line:34] - INFO:python66666666
2022-04-25 14:27:35,733 - [handlelog.py--->line:34] - INFO:python66666666
2022-04-25 15:08:40,555 - [handlelog.py--->line:34] - INFO:python66666666
2022-04-25 15:08:41,212 - [test_land_stream.py--->line:110] - INFO:用例投资维护登录执行通过
2022-04-25 15:08:41,212 - [test_land_stream.py--->line:111] - INFO:实际结果：{'code': '2000', 'message': None, 'data': 'eyJhbGciOiJIUzUxMiJ9.eyJzdWIiOiJzaGFveSIsInVzZXJJZCI6IkcwMDA5NyIsIm5pY2tuYW1lIjoi6YK15p-Q5p-QIiwiZXhwIjoxNjUwOTU2OTE0fQ.LCVZCXIKw59BFP-dRTMvknSHBq63YWy6wrYPhAdRy8f4TIHkqbTkX9572yihkAlnrgXHBGl9HlVxXsi1OdstZw', 'placeholder': None, 'errorMsg': None}
2022-04-25 15:08:41,908 - [test_land_stream.py--->line:110] - INFO:用例新增地块执行通过
2022-04-25 15:08:41,908 - [test_land_stream.py--->line:111] - INFO:实际结果：{'code': '2000', 'message': 'msg_save_success', 'data': None, 'placeholder': None, 'errorMsg': None}
2022-04-25 15:08:42,563 - [test_land_stream.py--->line:110] - INFO:用例地块发起审批执行通过
2022-04-25 15:08:42,563 - [test_land_stream.py--->line:111] - INFO:实际结果：{'code': '2000', 'message': 'msg_update_success', 'data': None, 'placeholder': None, 'errorMsg': None}
2022-04-25 15:08:42,772 - [test_land_stream.py--->line:110] - INFO:用例投资审批登录执行通过
2022-04-25 15:08:42,772 - [test_land_stream.py--->line:111] - INFO:实际结果：{'code': '2000', 'message': None, 'data': 'eyJhbGciOiJIUzUxMiJ9.eyJzdWIiOiJmZW5neCIsInVzZXJJZCI6IkcwMzMxNyIsIm5pY2tuYW1lIjoi5Yav5p-Q5p-QIiwiZXhwIjoxNjUwOTU2OTE2fQ.1KnBFj1VvZdLw5ok6MHQu2vx_OvQ6Xdk0JV1Yi3Q3eUyz4_-1QMF3xWDpRSD1ac3SUZB45OE0ZPbYHn60oBw6Q', 'placeholder': None, 'errorMsg': None}
2022-04-25 15:08:42,892 - [test_land_stream.py--->line:110] - INFO:用例获取审批taskId执行通过
2022-04-25 15:08:42,893 - [test_land_stream.py--->line:111] - INFO:实际结果：{'code': '2000', 'message': None, 'data': {'id': 'A_vf4RhDxEkYaqyPiZylG9', 'version': 1, 'createdDate': 1650870516000, 'createdBy': 'shaoy', 'updatedDate': 1650870516000, 'updatedBy': 'shaoy', 'proUserName': 'shaoy', 'proNickName': '邵某某', 'appCode': 'de', 'proKey': 'parcelflow01', 'proConfId': 'DrfEY5E8lKlYzh-CKyxyl-', 'proInsId': '438717973489295671', 'proInsName': '邵某某_SHDK848326_地块数据填报', 'proStartTime': 1650870516000, 'status': '1', 'handleStatus': '0', 'lastHandleTime': 1650870516000, 'isExpired': '0', 'taskVariables': {'approveResult': 'Y', 'modelCode': 'r009', 'roleCode': 'ROLE_XMGS_TZWH,DCZZ_GL0000012'}, 'extendParameter': '{"modelCode":"r009"}', 'departmentCode': 'GL0000012', 'departmentName': '苏州城市公司（苏州、上海）', 'pcTodoUrl': 'approveParcel', 'mobileTodoUrl': 'http://127.0.0.1:37090/approveH5', 'subjectName': '地块数据填报流程', 'nodeDetailList': [{'id': 'DTatSk3fRNK5mgBNh8uetQ', 'version': 0, 'createdDate': 1607238229000, 'createdBy': 'admin', 'updatedDate': 1607238229000, 'updatedBy': 'admin', 'proConfId': 'DrfEY5E8lKlYzh-CKyxyl-', 'nodeType': '1', 'nodeKey': 'task2', 'nodeName': '投资审批', 'nodeCode': 'SP_ROLE_XMGS_TZSP', 'skipType': '0', 'countsignFlag': '0', 'countsignType': '0', 'countsignStrategy': '0', 'remark': '', 'noneUserHandleType': '2', 'roleType': '1', 'ccType': '2', 'gojsKey': '-3', 'extendInfo2': 'ROLE_XMGS_TZSP', 'pushTodoType': '1', 'taskList': [{'taskId': '438717974030360908', 'approveResult': '0', 'userList': [{'userName': 'fengx', 'nickName': '冯某某'}]}], 'formList': []}]}, 'placeholder': None, 'errorMsg': None}
2022-04-25 15:08:43,110 - [test_land_stream.py--->line:110] - INFO:用例地块审批同意执行通过
2022-04-25 15:08:43,111 - [test_land_stream.py--->line:111] - INFO:实际结果：{'code': '2000', 'message': '操作成功', 'data': {'taskId': '438717974030360908', 'proInsId': None, 'comment': '同意', 'approveResult': '1', 'submitFlag': 0, 'taskVariables': {'approveResult': 'Y'}, 'buttonType': '1', 'formDataList': None, 'targetNodeKey': None, 'targetNodeCode': None, 'nextNodeRoleMap': None, 'userProAttaches': None, 'updateTodoCenter': True, 'stepApprovalResult': None, 'stepNodeApprovalResult': None, 'needRestart': True, 'customTitle': None, 'nodeToDoList': None, 'checkAuth': True}, 'placeholder': None, 'errorMsg': None}
2022-04-25 15:29:18,994 - [handlelog.py--->line:34] - INFO:python66666666
2022-04-25 15:29:19,649 - [test_land_stream.py--->line:110] - INFO:用例投资维护登录执行通过
2022-04-25 15:29:19,650 - [test_land_stream.py--->line:111] - INFO:实际结果：{'code': '2000', 'message': None, 'data': 'eyJhbGciOiJIUzUxMiJ9.eyJzdWIiOiJzaGFveSIsInVzZXJJZCI6IkcwMDA5NyIsIm5pY2tuYW1lIjoi6YK15p-Q5p-QIiwiZXhwIjoxNjUwOTU4MTUyfQ.j8rzHDD-47i-kQaB_0e5Gtkyg06wM1bzV3KVZrbUgo_ZsjGlbiVI_jp3v86JEbbkuzL4LTDuyoN6LaMl5Hj3YA', 'placeholder': None, 'errorMsg': None}
2022-04-25 15:29:20,362 - [test_land_stream.py--->line:110] - INFO:用例新增地块执行通过
2022-04-25 15:29:20,362 - [test_land_stream.py--->line:111] - INFO:实际结果：{'code': '2000', 'message': 'msg_save_success', 'data': None, 'placeholder': None, 'errorMsg': None}
2022-04-25 15:29:20,990 - [test_land_stream.py--->line:110] - INFO:用例地块发起审批执行通过
2022-04-25 15:29:20,991 - [test_land_stream.py--->line:111] - INFO:实际结果：{'code': '2000', 'message': 'msg_update_success', 'data': None, 'placeholder': None, 'errorMsg': None}
2022-04-25 15:29:21,208 - [test_land_stream.py--->line:110] - INFO:用例投资审批登录执行通过
2022-04-25 15:29:21,208 - [test_land_stream.py--->line:111] - INFO:实际结果：{'code': '2000', 'message': None, 'data': 'eyJhbGciOiJIUzUxMiJ9.eyJzdWIiOiJmZW5neCIsInVzZXJJZCI6IkcwMzMxNyIsIm5pY2tuYW1lIjoi5Yav5p-Q5p-QIiwiZXhwIjoxNjUwOTU4MTU0fQ.SBm9W35ETaozpYZy8jgKoyugeIr-YtxeEgEDbIsViCj8Zn-4EKuakOP18C7SL6ZFl6EqpBWtNegs3M6HmoqOVA', 'placeholder': None, 'errorMsg': None}
2022-04-25 15:29:21,312 - [test_land_stream.py--->line:110] - INFO:用例获取审批taskId执行通过
2022-04-25 15:29:21,313 - [test_land_stream.py--->line:111] - INFO:实际结果：{'code': '2000', 'message': None, 'data': {'id': 'DbRJWBCvhEkpyDdW0SHjja', 'version': 1, 'createdDate': 1650871754000, 'createdBy': 'shaoy', 'updatedDate': 1650871754000, 'updatedBy': 'shaoy', 'proUserName': 'shaoy', 'proNickName': '邵某某', 'appCode': 'de', 'proKey': 'parcelflow01', 'proConfId': 'DrfEY5E8lKlYzh-CKyxyl-', 'proInsId': '438723167883141462', 'proInsName': '邵某某_SHDK532859_地块数据填报', 'proStartTime': 1650871754000, 'status': '1', 'handleStatus': '0', 'lastHandleTime': 1650871754000, 'isExpired': '0', 'taskVariables': {'approveResult': 'Y', 'modelCode': 'r009', 'roleCode': 'ROLE_XMGS_TZWH,DCZZ_GL0000012'}, 'extendParameter': '{"modelCode":"r009"}', 'departmentCode': 'GL0000012', 'departmentName': '苏州城市公司（苏州、上海）', 'pcTodoUrl': 'approveParcel', 'mobileTodoUrl': 'http://127.0.0.1:37090/approveH5', 'subjectName': '地块数据填报流程', 'nodeDetailList': [{'id': 'DTatSk3fRNK5mgBNh8uetQ', 'version': 0, 'createdDate': 1607238229000, 'createdBy': 'admin', 'updatedDate': 1607238229000, 'updatedBy': 'admin', 'proConfId': 'DrfEY5E8lKlYzh-CKyxyl-', 'nodeType': '1', 'nodeKey': 'task2', 'nodeName': '投资审批', 'nodeCode': 'SP_ROLE_XMGS_TZSP', 'skipType': '0', 'countsignFlag': '0', 'countsignType': '0', 'countsignStrategy': '0', 'remark': '', 'noneUserHandleType': '2', 'roleType': '1', 'ccType': '2', 'gojsKey': '-3', 'extendInfo2': 'ROLE_XMGS_TZSP', 'pushTodoType': '1', 'taskList': [{'taskId': '438723168537452907', 'approveResult': '0', 'userList': [{'userName': 'fengx', 'nickName': '冯某某'}]}], 'formList': []}]}, 'placeholder': None, 'errorMsg': None}
2022-04-25 15:29:21,539 - [test_land_stream.py--->line:110] - INFO:用例地块审批同意执行通过
2022-04-25 15:29:21,540 - [test_land_stream.py--->line:111] - INFO:实际结果：{'code': '2000', 'message': '操作成功', 'data': {'taskId': '438723168537452907', 'proInsId': None, 'comment': '同意', 'approveResult': '1', 'submitFlag': 0, 'taskVariables': {'approveResult': 'Y'}, 'buttonType': '1', 'formDataList': None, 'targetNodeKey': None, 'targetNodeCode': None, 'nextNodeRoleMap': None, 'userProAttaches': None, 'updateTodoCenter': True, 'stepApprovalResult': None, 'stepNodeApprovalResult': None, 'needRestart': True, 'customTitle': None, 'nodeToDoList': None, 'checkAuth': True}, 'placeholder': None, 'errorMsg': None}
2022-04-25 15:52:02,230 - [handlelog.py--->line:34] - INFO:python66666666
2022-04-25 15:52:02,890 - [test_land_stream.py--->line:112] - INFO:用例投资维护登录执行通过
2022-04-25 15:52:02,890 - [test_land_stream.py--->line:113] - INFO:实际结果：{'code': '2000', 'message': None, 'data': 'eyJhbGciOiJIUzUxMiJ9.eyJzdWIiOiJzaGFveSIsInVzZXJJZCI6IkcwMDA5NyIsIm5pY2tuYW1lIjoi6YK15p-Q5p-QIiwiZXhwIjoxNjUwOTU5NTE2fQ.GOJYoji0pr6B8DWp5CltpVsOt5DTABiTA_tTpLwg4QpovAzYl_bGT6N41iEMe9l59QXmM_tzFH6sHgK_uueIEA', 'placeholder': None, 'errorMsg': None}
2022-04-25 15:52:03,588 - [test_land_stream.py--->line:112] - INFO:用例新增地块执行通过
2022-04-25 15:52:03,588 - [test_land_stream.py--->line:113] - INFO:实际结果：{'code': '2000', 'message': 'msg_save_success', 'data': None, 'placeholder': None, 'errorMsg': None}
2022-04-25 15:52:04,253 - [test_land_stream.py--->line:112] - INFO:用例地块发起审批执行通过
2022-04-25 15:52:04,253 - [test_land_stream.py--->line:113] - INFO:实际结果：{'code': '2000', 'message': 'msg_update_success', 'data': None, 'placeholder': None, 'errorMsg': None}
2022-04-25 15:52:04,479 - [test_land_stream.py--->line:112] - INFO:用例投资审批登录执行通过
2022-04-25 15:52:04,480 - [test_land_stream.py--->line:113] - INFO:实际结果：{'code': '2000', 'message': None, 'data': 'eyJhbGciOiJIUzUxMiJ9.eyJzdWIiOiJmZW5neCIsInVzZXJJZCI6IkcwMzMxNyIsIm5pY2tuYW1lIjoi5Yav5p-Q5p-QIiwiZXhwIjoxNjUwOTU5NTE4fQ.krTfOf6ffLsiIlh_kHO_xWzs8V0vcXu9yoghQf5DV8kLjNI9iErzZ6fjHSm-NP53oNXQzLRRfuG9J4iyor7UuQ', 'placeholder': None, 'errorMsg': None}
2022-04-25 15:52:04,584 - [test_land_stream.py--->line:112] - INFO:用例获取审批taskId执行通过
2022-04-25 15:52:04,584 - [test_land_stream.py--->line:113] - INFO:实际结果：{'code': '2000', 'message': None, 'data': {'id': 'AYvz6rZrVJILTIQvPiU470', 'version': 1, 'createdDate': 1650873118000, 'createdBy': 'shaoy', 'updatedDate': 1650873118000, 'updatedBy': 'shaoy', 'proUserName': 'shaoy', 'proNickName': '邵某某', 'appCode': 'de', 'proKey': 'parcelflow01', 'proConfId': 'DrfEY5E8lKlYzh-CKyxyl-', 'proInsId': '438728885684183413', 'proInsName': '邵某某_SHDK552031_地块数据填报', 'proStartTime': 1650873118000, 'status': '1', 'handleStatus': '0', 'lastHandleTime': 1650873118000, 'isExpired': '0', 'taskVariables': {'approveResult': 'Y', 'modelCode': 'r009', 'roleCode': 'ROLE_XMGS_TZWH,DCZZ_GL0000012'}, 'extendParameter': '{"modelCode":"r009"}', 'departmentCode': 'GL0000012', 'departmentName': '苏州城市公司（苏州、上海）', 'pcTodoUrl': 'approveParcel', 'mobileTodoUrl': 'http://127.0.0.1:37090/approveH5', 'subjectName': '地块数据填报流程', 'nodeDetailList': [{'id': 'DTatSk3fRNK5mgBNh8uetQ', 'version': 0, 'createdDate': 1607238229000, 'createdBy': 'admin', 'updatedDate': 1607238229000, 'updatedBy': 'admin', 'proConfId': 'DrfEY5E8lKlYzh-CKyxyl-', 'nodeType': '1', 'nodeKey': 'task2', 'nodeName': '投资审批', 'nodeCode': 'SP_ROLE_XMGS_TZSP', 'skipType': '0', 'countsignFlag': '0', 'countsignType': '0', 'countsignStrategy': '0', 'remark': '', 'noneUserHandleType': '2', 'roleType': '1', 'ccType': '2', 'gojsKey': '-3', 'extendInfo2': 'ROLE_XMGS_TZSP', 'pushTodoType': '1', 'taskList': [{'taskId': '438728886195888522', 'approveResult': '0', 'userList': [{'userName': 'fengx', 'nickName': '冯某某'}]}], 'formList': []}]}, 'placeholder': None, 'errorMsg': None}
2022-04-25 15:52:04,800 - [test_land_stream.py--->line:112] - INFO:用例地块审批同意执行通过
2022-04-25 15:52:04,801 - [test_land_stream.py--->line:113] - INFO:实际结果：{'code': '2000', 'message': '操作成功', 'data': {'taskId': '438728886195888522', 'proInsId': None, 'comment': '同意', 'approveResult': '1', 'submitFlag': 0, 'taskVariables': {'approveResult': 'Y'}, 'buttonType': '1', 'formDataList': None, 'targetNodeKey': None, 'targetNodeCode': None, 'nextNodeRoleMap': None, 'userProAttaches': None, 'updateTodoCenter': True, 'stepApprovalResult': None, 'stepNodeApprovalResult': None, 'needRestart': True, 'customTitle': None, 'nodeToDoList': None, 'checkAuth': True}, 'placeholder': None, 'errorMsg': None}
2022-04-25 15:54:38,907 - [handlelog.py--->line:34] - INFO:python66666666
2022-04-25 15:54:39,565 - [test_land_stream.py--->line:112] - INFO:用例投资维护登录执行通过
2022-04-25 15:54:39,565 - [test_land_stream.py--->line:113] - INFO:实际结果：{'code': '2000', 'message': None, 'data': 'eyJhbGciOiJIUzUxMiJ9.eyJzdWIiOiJzaGFveSIsInVzZXJJZCI6IkcwMDA5NyIsIm5pY2tuYW1lIjoi6YK15p-Q5p-QIiwiZXhwIjoxNjUwOTU5NjcyfQ.A27iaEMvZpCjIJupAxssvH-PvdZtN1DO5sIyvG9KrOo17TVkWAU36mJncDRm8dzcEndP7G5Vqvb47czjCZjPWQ', 'placeholder': None, 'errorMsg': None}
2022-04-25 15:54:40,250 - [test_land_stream.py--->line:112] - INFO:用例新增地块执行通过
2022-04-25 15:54:40,251 - [test_land_stream.py--->line:113] - INFO:实际结果：{'code': '2000', 'message': 'msg_save_success', 'data': None, 'placeholder': None, 'errorMsg': None}
2022-04-25 15:54:40,960 - [test_land_stream.py--->line:112] - INFO:用例地块发起审批执行通过
2022-04-25 15:54:40,961 - [test_land_stream.py--->line:113] - INFO:实际结果：{'code': '2000', 'message': 'msg_update_success', 'data': None, 'placeholder': None, 'errorMsg': None}
2022-04-25 15:54:41,175 - [test_land_stream.py--->line:112] - INFO:用例投资审批登录执行通过
2022-04-25 15:54:41,176 - [test_land_stream.py--->line:113] - INFO:实际结果：{'code': '2000', 'message': None, 'data': 'eyJhbGciOiJIUzUxMiJ9.eyJzdWIiOiJmZW5neCIsInVzZXJJZCI6IkcwMzMxNyIsIm5pY2tuYW1lIjoi5Yav5p-Q5p-QIiwiZXhwIjoxNjUwOTU5Njc0fQ.LaLvEXnli_fLtVA8pXF2mhz7cwMopRuXBg6huJgUzDPwvdlJWMiBilxmvuAVe6jxV_YbCw4C7IPaQc2JFIqeNg', 'placeholder': None, 'errorMsg': None}
2022-04-25 15:54:41,277 - [test_land_stream.py--->line:112] - INFO:用例获取审批taskId执行通过
2022-04-25 15:54:41,277 - [test_land_stream.py--->line:113] - INFO:实际结果：{'code': '2000', 'message': None, 'data': {'id': 'CyO7xmkttHf6Zi9bt_EOUq', 'version': 1, 'createdDate': 1650873274000, 'createdBy': 'shaoy', 'updatedDate': 1650873274000, 'updatedBy': 'shaoy', 'proUserName': 'shaoy', 'proNickName': '邵某某', 'appCode': 'de', 'proKey': 'parcelflow01', 'proConfId': 'DrfEY5E8lKlYzh-CKyxyl-', 'proInsId': '438729542872899988', 'proInsName': '邵某某_SHDK412610_地块数据填报', 'proStartTime': 1650873274000, 'status': '1', 'handleStatus': '0', 'lastHandleTime': 1650873274000, 'isExpired': '0', 'taskVariables': {'approveResult': 'Y', 'modelCode': 'r009', 'roleCode': 'ROLE_XMGS_TZWH,DCZZ_GL0000012'}, 'extendParameter': '{"modelCode":"r009"}', 'departmentCode': 'GL0000012', 'departmentName': '苏州城市公司（苏州、上海）', 'pcTodoUrl': 'approveParcel', 'mobileTodoUrl': 'http://127.0.0.1:37090/approveH5', 'subjectName': '地块数据填报流程', 'nodeDetailList': [{'id': 'DTatSk3fRNK5mgBNh8uetQ', 'version': 0, 'createdDate': 1607238229000, 'createdBy': 'admin', 'updatedDate': 1607238229000, 'updatedBy': 'admin', 'proConfId': 'DrfEY5E8lKlYzh-CKyxyl-', 'nodeType': '1', 'nodeKey': 'task2', 'nodeName': '投资审批', 'nodeCode': 'SP_ROLE_XMGS_TZSP', 'skipType': '0', 'countsignFlag': '0', 'countsignType': '0', 'countsignStrategy': '0', 'remark': '', 'noneUserHandleType': '2', 'roleType': '1', 'ccType': '2', 'gojsKey': '-3', 'extendInfo2': 'ROLE_XMGS_TZSP', 'pushTodoType': '1', 'taskList': [{'taskId': '438729543552377257', 'approveResult': '0', 'userList': [{'userName': 'fengx', 'nickName': '冯某某'}]}], 'formList': []}]}, 'placeholder': None, 'errorMsg': None}
2022-04-25 15:54:41,485 - [test_land_stream.py--->line:112] - INFO:用例地块审批同意执行通过
2022-04-25 15:54:41,485 - [test_land_stream.py--->line:113] - INFO:实际结果：{'code': '2000', 'message': '操作成功', 'data': {'taskId': '438729543552377257', 'proInsId': None, 'comment': '同意', 'approveResult': '1', 'submitFlag': 0, 'taskVariables': {'approveResult': 'Y'}, 'buttonType': '1', 'formDataList': None, 'targetNodeKey': None, 'targetNodeCode': None, 'nextNodeRoleMap': None, 'userProAttaches': None, 'updateTodoCenter': True, 'stepApprovalResult': None, 'stepNodeApprovalResult': None, 'needRestart': True, 'customTitle': None, 'nodeToDoList': None, 'checkAuth': True}, 'placeholder': None, 'errorMsg': None}
2022-04-27 20:53:35,989 - [handlelog.py--->line:34] - INFO:python66666666
2022-04-27 20:53:36,807 - [test_land_stream.py--->line:112] - INFO:用例投资维护登录执行通过
2022-04-27 20:53:36,808 - [test_land_stream.py--->line:113] - INFO:实际结果：{'code': '2000', 'message': None, 'data': 'eyJhbGciOiJIUzUxMiJ9.eyJzdWIiOiJzaGFveSIsInVzZXJJZCI6IkcwMDA5NyIsIm5pY2tuYW1lIjoi6YK15p-Q5p-QIiwiZXhwIjoxNjUxMTUwNDA3fQ.-wpmMx7eo8Zu7bQmcWdXQ8qnBDA9HOp3yOJUf_Da9AuVvsLYmidtVYczUjC1WLEMn-3PHFIuTDjhOlyDQUwiiA', 'placeholder': None, 'errorMsg': None}
2022-04-27 20:53:37,547 - [test_land_stream.py--->line:112] - INFO:用例新增地块执行通过
2022-04-27 20:53:37,547 - [test_land_stream.py--->line:113] - INFO:实际结果：{'code': '2000', 'message': 'msg_save_success', 'data': None, 'placeholder': None, 'errorMsg': None}
2022-04-27 20:53:38,202 - [test_land_stream.py--->line:112] - INFO:用例地块发起审批执行通过
2022-04-27 20:53:38,203 - [test_land_stream.py--->line:113] - INFO:实际结果：{'code': '2000', 'message': 'msg_update_success', 'data': None, 'placeholder': None, 'errorMsg': None}
2022-04-27 20:53:38,461 - [test_land_stream.py--->line:112] - INFO:用例投资审批登录执行通过
2022-04-27 20:53:38,461 - [test_land_stream.py--->line:113] - INFO:实际结果：{'code': '2000', 'message': None, 'data': 'eyJhbGciOiJIUzUxMiJ9.eyJzdWIiOiJmZW5neCIsInVzZXJJZCI6IkcwMzMxNyIsIm5pY2tuYW1lIjoi5Yav5p-Q5p-QIiwiZXhwIjoxNjUxMTUwNDA5fQ.-hrCBSPJeLDG-1ZpkvVRyNgVg8ZDKlJxJjShuXZwfsxt0_Yd2jxpPPEpvStLmNz12gCvaP8FH4ufAUcI6SlmSg', 'placeholder': None, 'errorMsg': None}
2022-04-27 20:53:38,638 - [test_land_stream.py--->line:112] - INFO:用例获取审批taskId执行通过
2022-04-27 20:53:38,638 - [test_land_stream.py--->line:113] - INFO:实际结果：{'code': '2000', 'message': None, 'data': {'id': 'DfKuj7K_JMTbAdv7kYIzuh', 'version': 1, 'createdDate': 1651064009000, 'createdBy': 'shaoy', 'updatedDate': 1651064009000, 'updatedBy': 'shaoy', 'proUserName': 'shaoy', 'proNickName': '邵某某', 'appCode': 'de', 'proKey': 'parcelflow01', 'proConfId': 'DrfEY5E8lKlYzh-CKyxyl-', 'proInsId': '439529544054514223', 'proInsName': '邵某某_SHDK648543_地块数据填报', 'proStartTime': 1651064009000, 'status': '1', 'handleStatus': '0', 'lastHandleTime': 1651064009000, 'isExpired': '0', 'taskVariables': {'approveResult': 'Y', 'modelCode': 'r009', 'roleCode': 'ROLE_XMGS_TZWH,DCZZ_GL0000012'}, 'extendParameter': '{"modelCode":"r009"}', 'departmentCode': 'GL0000012', 'departmentName': '苏州城市公司（苏州、上海）', 'pcTodoUrl': 'approveParcel', 'mobileTodoUrl': 'http://127.0.0.1:37090/approveH5', 'subjectName': '地块数据填报流程', 'nodeDetailList': [{'id': 'DTatSk3fRNK5mgBNh8uetQ', 'version': 0, 'createdDate': 1607238229000, 'createdBy': 'admin', 'updatedDate': 1607238229000, 'updatedBy': 'admin', 'proConfId': 'DrfEY5E8lKlYzh-CKyxyl-', 'nodeType': '1', 'nodeKey': 'task2', 'nodeName': '投资审批', 'nodeCode': 'SP_ROLE_XMGS_TZSP', 'skipType': '0', 'countsignFlag': '0', 'countsignType': '0', 'countsignStrategy': '0', 'remark': '', 'noneUserHandleType': '2', 'roleType': '1', 'ccType': '2', 'gojsKey': '-3', 'extendInfo2': 'ROLE_XMGS_TZSP', 'pushTodoType': '1', 'taskList': [{'taskId': '439529544633328196', 'approveResult': '0', 'userList': [{'userName': 'fengx', 'nickName': '冯某某'}]}], 'formList': []}]}, 'placeholder': None, 'errorMsg': None}
2022-04-27 20:53:38,944 - [test_land_stream.py--->line:112] - INFO:用例地块审批同意执行通过
2022-04-27 20:53:38,944 - [test_land_stream.py--->line:113] - INFO:实际结果：{'code': '2000', 'message': '操作成功', 'data': {'taskId': '439529544633328196', 'proInsId': None, 'comment': '同意', 'approveResult': '1', 'submitFlag': 0, 'taskVariables': {'approveResult': 'Y'}, 'buttonType': '1', 'formDataList': None, 'targetNodeKey': None, 'targetNodeCode': None, 'nextNodeRoleMap': None, 'userProAttaches': None, 'updateTodoCenter': True, 'stepApprovalResult': None, 'stepNodeApprovalResult': None, 'needRestart': True, 'customTitle': None, 'nodeToDoList': None, 'checkAuth': True}, 'placeholder': None, 'errorMsg': None}
2022-05-07 14:08:27,002 - [handlelog.py--->line:34] - INFO:python66666666
2022-05-07 14:08:27,689 - [test_land_stream.py--->line:112] - INFO:用例投资维护登录执行通过
2022-05-07 14:08:27,690 - [test_land_stream.py--->line:113] - INFO:实际结果：{'code': '2000', 'message': None, 'data': 'eyJhbGciOiJIUzUxMiJ9.eyJzdWIiOiJzaGFveSIsInVzZXJJZCI6IkcwMDA5NyIsIm5pY2tuYW1lIjoi6YK15p-Q5p-QIiwiZXhwIjoxNjUxOTkwMDg5fQ.MIykhK4Vt4ZI8URgd6ce_s8hsUOfOS87AUq1E1XUd7BldCHU3cE8JxLU_2168HPTQaeRej-mNtR0tuTHlD2g9A', 'placeholder': None, 'errorMsg': None}
2022-05-07 14:08:28,354 - [test_land_stream.py--->line:112] - INFO:用例新增地块执行通过
2022-05-07 14:08:28,355 - [test_land_stream.py--->line:113] - INFO:实际结果：{'code': '2000', 'message': 'msg_save_success', 'data': None, 'placeholder': None, 'errorMsg': None}
2022-05-07 14:08:29,025 - [test_land_stream.py--->line:112] - INFO:用例地块发起审批执行通过
2022-05-07 14:08:29,025 - [test_land_stream.py--->line:113] - INFO:实际结果：{'code': '2000', 'message': 'msg_update_success', 'data': None, 'placeholder': None, 'errorMsg': None}
2022-05-07 14:08:29,232 - [test_land_stream.py--->line:112] - INFO:用例投资审批登录执行通过
2022-05-07 14:08:29,233 - [test_land_stream.py--->line:113] - INFO:实际结果：{'code': '2000', 'message': None, 'data': 'eyJhbGciOiJIUzUxMiJ9.eyJzdWIiOiJmZW5neCIsInVzZXJJZCI6IkcwMzMxNyIsIm5pY2tuYW1lIjoi5Yav5p-Q5p-QIiwiZXhwIjoxNjUxOTkwMDkxfQ.qza0ITIMiCpn_odHQQ5pzd4-9UnhEdUadOT1NU4X1GWeoEfrRkgLwRxefcPkoQ23FyWdqenikOwvKsCEwyoKDA', 'placeholder': None, 'errorMsg': None}
2022-05-07 14:08:29,397 - [test_land_stream.py--->line:112] - INFO:用例获取审批taskId执行通过
2022-05-07 14:08:29,397 - [test_land_stream.py--->line:113] - INFO:实际结果：{'code': '2000', 'message': None, 'data': {'id': 'C2csrXkW1AuZMF0eoJoneZ', 'version': 1, 'createdDate': 1651903691000, 'createdBy': 'shaoy', 'updatedDate': 1651903691000, 'updatedBy': 'shaoy', 'proUserName': 'shaoy', 'proNickName': '邵某某', 'appCode': 'de', 'proKey': 'parcelflow01', 'proConfId': 'DrfEY5E8lKlYzh-CKyxyl-', 'proInsId': '443051423826485838', 'proInsName': '邵某某_SHDK168177_地块数据填报', 'proStartTime': 1651903691000, 'status': '1', 'handleStatus': '0', 'lastHandleTime': 1651903691000, 'isExpired': '0', 'taskVariables': {'approveResult': 'Y', 'modelCode': 'r009', 'roleCode': 'ROLE_XMGS_TZWH,DCZZ_GL0000012'}, 'extendParameter': '{"modelCode":"r009"}', 'departmentCode': 'GL0000012', 'departmentName': '苏州城市公司（苏州、上海）', 'pcTodoUrl': 'approveParcel', 'mobileTodoUrl': 'http://127.0.0.1:37090/approveH5', 'subjectName': '地块数据填报流程', 'nodeDetailList': [{'id': 'DTatSk3fRNK5mgBNh8uetQ', 'version': 0, 'createdDate': 1607238229000, 'createdBy': 'admin', 'updatedDate': 1607238229000, 'updatedBy': 'admin', 'proConfId': 'DrfEY5E8lKlYzh-CKyxyl-', 'nodeType': '1', 'nodeKey': 'task2', 'nodeName': '投资审批', 'nodeCode': 'SP_ROLE_XMGS_TZSP', 'skipType': '0', 'countsignFlag': '0', 'countsignType': '0', 'countsignStrategy': '0', 'remark': '', 'noneUserHandleType': '2', 'roleType': '1', 'ccType': '2', 'gojsKey': '-3', 'extendInfo2': 'ROLE_XMGS_TZSP', 'pushTodoType': '1', 'taskList': [{'taskId': '443051424388522595', 'approveResult': '0', 'userList': [{'userName': 'fengx', 'nickName': '冯某某'}]}], 'formList': []}]}, 'placeholder': None, 'errorMsg': None}
2022-05-07 14:08:29,599 - [test_land_stream.py--->line:112] - INFO:用例地块审批同意执行通过
2022-05-07 14:08:29,600 - [test_land_stream.py--->line:113] - INFO:实际结果：{'code': '2000', 'message': '操作成功', 'data': {'taskId': '443051424388522595', 'proInsId': None, 'comment': '同意', 'approveResult': '1', 'submitFlag': 0, 'taskVariables': {'approveResult': 'Y'}, 'buttonType': '1', 'formDataList': None, 'targetNodeKey': None, 'targetNodeCode': None, 'nextNodeRoleMap': None, 'userProAttaches': None, 'updateTodoCenter': True, 'stepApprovalResult': None, 'stepNodeApprovalResult': None, 'needRestart': True, 'customTitle': None, 'nodeToDoList': None, 'checkAuth': True}, 'placeholder': None, 'errorMsg': None}
2022-05-07 14:44:16,943 - [handlelog.py--->line:34] - INFO:python66666666
2022-05-07 14:44:17,679 - [test_land_stream.py--->line:112] - INFO:用例投资维护登录执行通过
2022-05-07 14:44:17,679 - [test_land_stream.py--->line:113] - INFO:实际结果：{'code': '2000', 'message': None, 'data': 'eyJhbGciOiJIUzUxMiJ9.eyJzdWIiOiJzaGFveSIsInVzZXJJZCI6IkcwMDA5NyIsIm5pY2tuYW1lIjoi6YK15p-Q5p-QIiwiZXhwIjoxNjUxOTkyMjM5fQ.lxHqmkWD94B6pcxQf1j-kDXanFsjvD-bGL7GQviVxTxHsFnGTUsahMqC5Wa73iuMURWD7jAAS2jsGmTfcoUq2Q', 'placeholder': None, 'errorMsg': None}
2022-05-07 14:44:18,316 - [test_land_stream.py--->line:112] - INFO:用例新增地块执行通过
2022-05-07 14:44:18,316 - [test_land_stream.py--->line:113] - INFO:实际结果：{'code': '2000', 'message': 'msg_save_success', 'data': None, 'placeholder': None, 'errorMsg': None}
2022-05-07 14:44:18,966 - [test_land_stream.py--->line:112] - INFO:用例地块发起审批执行通过
2022-05-07 14:44:18,967 - [test_land_stream.py--->line:113] - INFO:实际结果：{'code': '2000', 'message': 'msg_update_success', 'data': None, 'placeholder': None, 'errorMsg': None}
2022-05-07 14:44:19,183 - [test_land_stream.py--->line:112] - INFO:用例投资审批登录执行通过
2022-05-07 14:44:19,183 - [test_land_stream.py--->line:113] - INFO:实际结果：{'code': '2000', 'message': None, 'data': 'eyJhbGciOiJIUzUxMiJ9.eyJzdWIiOiJmZW5neCIsInVzZXJJZCI6IkcwMzMxNyIsIm5pY2tuYW1lIjoi5Yav5p-Q5p-QIiwiZXhwIjoxNjUxOTkyMjQxfQ.tqkCyC4qg3a7w2g10jhXWOvMkXgQ5WPoaOTdQB_X28o0o4wYviF8AaJXYk_V_cH6aMlrMJUZECl8AqxLkt1fJw', 'placeholder': None, 'errorMsg': None}
2022-05-07 14:44:19,285 - [test_land_stream.py--->line:112] - INFO:用例获取审批taskId执行通过
2022-05-07 14:44:19,286 - [test_land_stream.py--->line:113] - INFO:实际结果：{'code': '2000', 'message': None, 'data': {'id': 'CBZats0ZJBk6HIEmN98UTo', 'version': 1, 'createdDate': 1651905841000, 'createdBy': 'shaoy', 'updatedDate': 1651905841000, 'updatedBy': 'shaoy', 'proUserName': 'shaoy', 'proNickName': '邵某某', 'appCode': 'de', 'proKey': 'parcelflow01', 'proConfId': 'DrfEY5E8lKlYzh-CKyxyl-', 'proInsId': '443060441437479533', 'proInsName': '邵某某_SHDK916278_地块数据填报', 'proStartTime': 1651905841000, 'status': '1', 'handleStatus': '0', 'lastHandleTime': 1651905841000, 'isExpired': '0', 'taskVariables': {'approveResult': 'Y', 'modelCode': 'r009', 'roleCode': 'ROLE_XMGS_TZWH,DCZZ_GL0000012'}, 'extendParameter': '{"modelCode":"r009"}', 'departmentCode': 'GL0000012', 'departmentName': '苏州城市公司（苏州、上海）', 'pcTodoUrl': 'approveParcel', 'mobileTodoUrl': 'http://127.0.0.1:37090/approveH5', 'subjectName': '地块数据填报流程', 'nodeDetailList': [{'id': 'DTatSk3fRNK5mgBNh8uetQ', 'version': 0, 'createdDate': 1607238229000, 'createdBy': 'admin', 'updatedDate': 1607238229000, 'updatedBy': 'admin', 'proConfId': 'DrfEY5E8lKlYzh-CKyxyl-', 'nodeType': '1', 'nodeKey': 'task2', 'nodeName': '投资审批', 'nodeCode': 'SP_ROLE_XMGS_TZSP', 'skipType': '0', 'countsignFlag': '0', 'countsignType': '0', 'countsignStrategy': '0', 'remark': '', 'noneUserHandleType': '2', 'roleType': '1', 'ccType': '2', 'gojsKey': '-3', 'extendInfo2': 'ROLE_XMGS_TZSP', 'pushTodoType': '1', 'taskList': [{'taskId': '443060441936601730', 'approveResult': '0', 'userList': [{'userName': 'fengx', 'nickName': '冯某某'}]}], 'formList': []}]}, 'placeholder': None, 'errorMsg': None}
2022-05-07 14:44:19,560 - [test_land_stream.py--->line:112] - INFO:用例地块审批同意执行通过
2022-05-07 14:44:19,560 - [test_land_stream.py--->line:113] - INFO:实际结果：{'code': '2000', 'message': '操作成功', 'data': {'taskId': '443060441936601730', 'proInsId': None, 'comment': '同意', 'approveResult': '1', 'submitFlag': 0, 'taskVariables': {'approveResult': 'Y'}, 'buttonType': '1', 'formDataList': None, 'targetNodeKey': None, 'targetNodeCode': None, 'nextNodeRoleMap': None, 'userProAttaches': None, 'updateTodoCenter': True, 'stepApprovalResult': None, 'stepNodeApprovalResult': None, 'needRestart': True, 'customTitle': None, 'nodeToDoList': None, 'checkAuth': True}, 'placeholder': None, 'errorMsg': None}
2022-05-07 14:50:48,194 - [handlelog.py--->line:34] - INFO:python66666666
2022-05-07 14:50:48,975 - [test_land_stream.py--->line:113] - INFO:用例投资维护登录执行通过
2022-05-07 14:50:48,975 - [test_land_stream.py--->line:114] - INFO:实际结果：{'code': '2000', 'message': None, 'data': 'eyJhbGciOiJIUzUxMiJ9.eyJzdWIiOiJzaGFveSIsInVzZXJJZCI6IkcwMDA5NyIsIm5pY2tuYW1lIjoi6YK15p-Q5p-QIiwiZXhwIjoxNjUxOTkyNjMwfQ.B1db-wTk5ZNn2NHMqjKJ9fH9i__m7clj6k5FcVW9DrZBICUfiO1wRG9qJwYucfH2FxhVq_bnpgm46cO2uo0LOA', 'placeholder': None, 'errorMsg': None}
2022-05-07 14:50:49,845 - [test_land_stream.py--->line:113] - INFO:用例新增地块执行通过
2022-05-07 14:50:49,845 - [test_land_stream.py--->line:114] - INFO:实际结果：{'code': '2000', 'message': 'msg_save_success', 'data': None, 'placeholder': None, 'errorMsg': None}
2022-05-07 14:50:50,558 - [test_land_stream.py--->line:113] - INFO:用例地块发起审批执行通过
2022-05-07 14:50:50,559 - [test_land_stream.py--->line:114] - INFO:实际结果：{'code': '2000', 'message': 'msg_update_success', 'data': None, 'placeholder': None, 'errorMsg': None}
2022-05-07 14:50:50,813 - [test_land_stream.py--->line:113] - INFO:用例投资审批登录执行通过
2022-05-07 14:50:50,813 - [test_land_stream.py--->line:114] - INFO:实际结果：{'code': '2000', 'message': None, 'data': 'eyJhbGciOiJIUzUxMiJ9.eyJzdWIiOiJmZW5neCIsInVzZXJJZCI6IkcwMzMxNyIsIm5pY2tuYW1lIjoi5Yav5p-Q5p-QIiwiZXhwIjoxNjUxOTkyNjMyfQ.uBfJ_HG1OoRy93kWA4f9tHijmFnRJC4K4O_olUCYr9zSqu6RiZOg0x8-UeUc3m7A5KeG7DdfyC97nDqnlmmPJw', 'placeholder': None, 'errorMsg': None}
2022-05-07 14:50:51,005 - [test_land_stream.py--->line:113] - INFO:用例获取审批taskId执行通过
2022-05-07 14:50:51,006 - [test_land_stream.py--->line:114] - INFO:实际结果：{'code': '2000', 'message': None, 'data': {'id': 'CyZ9P5LINHm7fGR8HshR1w', 'version': 1, 'createdDate': 1651906232000, 'createdBy': 'shaoy', 'updatedDate': 1651906233000, 'updatedBy': 'shaoy', 'proUserName': 'shaoy', 'proNickName': '邵某某', 'appCode': 'de', 'proKey': 'parcelflow01', 'proConfId': 'DrfEY5E8lKlYzh-CKyxyl-', 'proInsId': '443062083582993036', 'proInsName': '邵某某_SHDK958858_地块数据填报', 'proStartTime': 1651906232000, 'status': '1', 'handleStatus': '0', 'lastHandleTime': 1651906233000, 'isExpired': '0', 'taskVariables': {'approveResult': 'Y', 'modelCode': 'r009', 'roleCode': 'ROLE_XMGS_TZWH,DCZZ_GL0000012'}, 'extendParameter': '{"modelCode":"r009"}', 'departmentCode': 'GL0000012', 'departmentName': '苏州城市公司（苏州、上海）', 'pcTodoUrl': 'approveParcel', 'mobileTodoUrl': 'http://127.0.0.1:37090/approveH5', 'subjectName': '地块数据填报流程', 'nodeDetailList': [{'id': 'DTatSk3fRNK5mgBNh8uetQ', 'version': 0, 'createdDate': 1607238229000, 'createdBy': 'admin', 'updatedDate': 1607238229000, 'updatedBy': 'admin', 'proConfId': 'DrfEY5E8lKlYzh-CKyxyl-', 'nodeType': '1', 'nodeKey': 'task2', 'nodeName': '投资审批', 'nodeCode': 'SP_ROLE_XMGS_TZSP', 'skipType': '0', 'countsignFlag': '0', 'countsignType': '0', 'countsignStrategy': '0', 'remark': '', 'noneUserHandleType': '2', 'roleType': '1', 'ccType': '2', 'gojsKey': '-3', 'extendInfo2': 'ROLE_XMGS_TZSP', 'pushTodoType': '1', 'taskList': [{'taskId': '443062084132446881', 'approveResult': '0', 'userList': [{'userName': 'fengx', 'nickName': '冯某某'}]}], 'formList': []}]}, 'placeholder': None, 'errorMsg': None}
2022-05-07 14:50:51,199 - [test_land_stream.py--->line:113] - INFO:用例地块审批同意执行通过
2022-05-07 14:50:51,199 - [test_land_stream.py--->line:114] - INFO:实际结果：{'code': '2000', 'message': '操作成功', 'data': {'taskId': '443062084132446881', 'proInsId': None, 'comment': '同意', 'approveResult': '1', 'submitFlag': 0, 'taskVariables': {'approveResult': 'Y'}, 'buttonType': '1', 'formDataList': None, 'targetNodeKey': None, 'targetNodeCode': None, 'nextNodeRoleMap': None, 'userProAttaches': None, 'updateTodoCenter': True, 'stepApprovalResult': None, 'stepNodeApprovalResult': None, 'needRestart': True, 'customTitle': None, 'nodeToDoList': None, 'checkAuth': True}, 'placeholder': None, 'errorMsg': None}
